#
# There is insufficient memory for the Java Runtime Environment to continue.
# Native memory allocation (malloc) failed to allocate 32744 bytes for ChunkPool::allocate
# Possible reasons:
#   The system is out of physical RAM or swap space
#   In 32 bit mode, the process size limit was hit
# Possible solutions:
#   Reduce memory load on the system
#   Increase physical memory or swap space
#   Check if swap backing store is full
#   Use 64 bit Java on a 64 bit OS
#   Decrease Java heap size (-Xmx/-Xms)
#   Decrease number of Java threads
#   Decrease Java thread stack sizes (-Xss)
#   Set larger code cache with -XX:ReservedCodeCacheSize=
# This output file may be truncated or incomplete.
#
#  Out of Memory Error (allocation.cpp:273), pid=8672, tid=0x0000000000003850
#
# JRE version: OpenJDK Runtime Environment (8.0_152-b02) (build 1.8.0_152-release-1024-b02)
# Java VM: OpenJDK 64-Bit Server VM (25.152-b02 mixed mode windows-amd64 compressed oops)
# Failed to write core dump. Minidumps are not enabled by default on client versions of Windows
#

---------------  T H R E A D  ---------------

Current thread (0x00000000169dc800):  JavaThread "C2 CompilerThread1" daemon [_thread_in_native, id=14416, stack(0x0000000018120000,0x0000000018220000)]

Stack: [0x0000000018120000,0x0000000018220000]
[error occurred during error reporting (printing stack bounds), id 0xc0000005]

Native frames: (J=compiled Java code, j=interpreted, Vv=VM code, C=native code)


Current CompileTask:
C2:   4172 1360       4       java.net.URLClassLoader$1::run (5 bytes)


---------------  P R O C E S S  ---------------

Java Threads: ( => current thread )
  0x000000001b924800 JavaThread "File lock request listener" [_thread_in_native, id=3772, stack(0x000000001d410000,0x000000001d510000)]
  0x000000001b812000 JavaThread "Cache worker for file hash cache (C:\Users\User\.gradle\caches\4.4\fileHashes)" [_thread_blocked, id=15200, stack(0x000000001c340000,0x000000001c440000)]
  0x00000000198ec800 JavaThread "Stdin handler" [_thread_blocked, id=6536, stack(0x000000001b070000,0x000000001b170000)]
  0x0000000019897800 JavaThread "Asynchronous log dispatcher for DefaultDaemonConnection: socket connection from /127.0.0.1:65314 to /127.0.0.1:65315" [_thread_blocked, id=7628, stack(0x000000001af70000,0x000000001b070000)]
  0x000000001989f000 JavaThread "Daemon worker" [_thread_in_native, id=6700, stack(0x000000001ae70000,0x000000001af70000)]
  0x000000001989e000 JavaThread "Cancel handler" [_thread_blocked, id=9872, stack(0x000000001ad70000,0x000000001ae70000)]
  0x0000000019870000 JavaThread "Handler for socket connection from /127.0.0.1:65314 to /127.0.0.1:65315" [_thread_in_native, id=12060, stack(0x000000001aa70000,0x000000001ab70000)]
  0x00000000197b7000 JavaThread "Daemon" [_thread_blocked, id=14888, stack(0x000000001a970000,0x000000001aa70000)]
  0x0000000019747800 JavaThread "Daemon periodic checks" [_thread_blocked, id=14524, stack(0x000000001a870000,0x000000001a970000)]
  0x0000000019746800 JavaThread "Incoming local TCP Connector on port 65314" [_thread_in_native, id=3920, stack(0x000000001a630000,0x000000001a730000)]
  0x0000000018225800 JavaThread "Service Thread" daemon [_thread_blocked, id=7576, stack(0x0000000018720000,0x0000000018820000)]
  0x0000000018220800 JavaThread "C1 CompilerThread2" daemon [_thread_blocked, id=10040, stack(0x0000000018620000,0x0000000018720000)]
=>0x00000000169dc800 JavaThread "C2 CompilerThread1" daemon [_thread_in_native, id=14416, stack(0x0000000018120000,0x0000000018220000)]
  0x00000000169d9800 JavaThread "C2 CompilerThread0" daemon [_thread_in_native, id=15424, stack(0x0000000018020000,0x0000000018120000)]
  0x00000000169d7800 JavaThread "Attach Listener" daemon [_thread_blocked, id=14240, stack(0x0000000017f20000,0x0000000018020000)]
  0x00000000169e6000 JavaThread "Signal Dispatcher" daemon [_thread_blocked, id=15620, stack(0x0000000017e20000,0x0000000017f20000)]
  0x0000000003066000 JavaThread "Finalizer" daemon [_thread_blocked, id=14116, stack(0x0000000017c30000,0x0000000017d30000)]
  0x0000000003061000 JavaThread "Reference Handler" daemon [_thread_blocked, id=9708, stack(0x0000000017b30000,0x0000000017c30000)]
  0x000000000132d800 JavaThread "main" [_thread_blocked, id=3412, stack(0x0000000002e70000,0x0000000002f70000)]

Other Threads:
  0x00000000169a5000 VMThread [stack: 0x0000000017a30000,0x0000000017b30000] [id=8508]
  0x0000000018227000 WatcherThread [stack: 0x0000000018820000,0x0000000018920000] [id=4572]

VM state:not at safepoint (normal execution)

VM Mutex/Monitor currently owned by a thread: None

Heap:
 PSYoungGen      total 71680K, used 40366K [0x00000000e0000000, 0x00000000e4b00000, 0x0000000100000000)
  eden space 66560K, 52% used [0x00000000e0000000,0x00000000e22705e0,0x00000000e4100000)
  from space 5120K, 99% used [0x00000000e4600000,0x00000000e4afb5a0,0x00000000e4b00000)
  to   space 5120K, 0% used [0x00000000e4100000,0x00000000e4100000,0x00000000e4600000)
 ParOldGen       total 87552K, used 439K [0x00000000a0000000, 0x00000000a5580000, 0x00000000e0000000)
  object space 87552K, 0% used [0x00000000a0000000,0x00000000a006df40,0x00000000a5580000)
 Metaspace       used 14417K, capacity 14806K, committed 14976K, reserved 1062912K
  class space    used 2017K, capacity 2155K, committed 2176K, reserved 1048576K

Card table byte_map: [0x0000000012430000,0x0000000012740000] byte_map_base: 0x0000000011f30000

Marking Bits: (ParMarkBitMap*) 0x0000000060d14970
 Begin Bits: [0x0000000012d40000, 0x0000000014540000)
 End Bits:   [0x0000000014540000, 0x0000000015d40000)

Polling page: 0x0000000000f40000

CodeCache: size=245760Kb used=4717Kb max_used=4717Kb free=241043Kb
 bounds [0x0000000003070000, 0x0000000003510000, 0x0000000012070000]
 total_blobs=1738 nmethods=1370 adapters=281
 compilation: enabled

Compilation events (10 events):
Event: 4.097 Thread 0x0000000018220800 1368       3       java.util.HashMap::remove (26 bytes)
Event: 4.098 Thread 0x0000000018220800 nmethod 1368 0x0000000003507cd0 code [0x0000000003507e60, 0x0000000003508278]
Event: 4.098 Thread 0x0000000018220800 1369       3       java.util.HashMap::removeNode (291 bytes)
Event: 4.099 Thread 0x0000000018220800 nmethod 1369 0x000000000350a590 code [0x000000000350a7e0, 0x000000000350ba18]
Event: 4.099 Thread 0x0000000018220800 1370   !   3       org.gradle.internal.service.DefaultServiceRegistry$DefaultLookupContext::find (72 bytes)
Event: 4.100 Thread 0x0000000018220800 nmethod 1370 0x000000000350c090 code [0x000000000350c320, 0x000000000350d3e8]
Event: 4.101 Thread 0x0000000018220800 1371       3       java.util.HashSet::remove (20 bytes)
Event: 4.101 Thread 0x0000000018220800 nmethod 1371 0x0000000003507810 code [0x0000000003507980, 0x0000000003507c08]
Event: 4.101 Thread 0x0000000018220800 1372       3       java.util.HashMap::afterNodeRemoval (1 bytes)
Event: 4.101 Thread 0x0000000018220800 nmethod 1372 0x0000000003507510 code [0x0000000003507660, 0x00000000035077b0]

GC Heap History (4 events):
Event: 1.248 GC heap before
{Heap before GC invocations=1 (full 0):
 PSYoungGen      total 38400K, used 33280K [0x00000000e0000000, 0x00000000e2a80000, 0x0000000100000000)
  eden space 33280K, 100% used [0x00000000e0000000,0x00000000e2080000,0x00000000e2080000)
  from space 5120K, 0% used [0x00000000e2580000,0x00000000e2580000,0x00000000e2a80000)
  to   space 5120K, 0% used [0x00000000e2080000,0x00000000e2080000,0x00000000e2580000)
 ParOldGen       total 87552K, used 0K [0x00000000a0000000, 0x00000000a5580000, 0x00000000e0000000)
  object space 87552K, 0% used [0x00000000a0000000,0x00000000a0000000,0x00000000a5580000)
 Metaspace       used 6586K, capacity 6766K, committed 7040K, reserved 1056768K
  class space    used 805K, capacity 875K, committed 896K, reserved 1048576K
Event: 1.277 GC heap after
Heap after GC invocations=1 (full 0):
 PSYoungGen      total 38400K, used 4047K [0x00000000e0000000, 0x00000000e4b00000, 0x0000000100000000)
  eden space 33280K, 0% used [0x00000000e0000000,0x00000000e0000000,0x00000000e2080000)
  from space 5120K, 79% used [0x00000000e2080000,0x00000000e2473fc0,0x00000000e2580000)
  to   space 5120K, 0% used [0x00000000e4600000,0x00000000e4600000,0x00000000e4b00000)
 ParOldGen       total 87552K, used 8K [0x00000000a0000000, 0x00000000a5580000, 0x00000000e0000000)
  object space 87552K, 0% used [0x00000000a0000000,0x00000000a0002000,0x00000000a5580000)
 Metaspace       used 6586K, capacity 6766K, committed 7040K, reserved 1056768K
  class space    used 805K, capacity 875K, committed 896K, reserved 1048576K
}
Event: 3.143 GC heap before
{Heap before GC invocations=2 (full 0):
 PSYoungGen      total 38400K, used 37327K [0x00000000e0000000, 0x00000000e4b00000, 0x0000000100000000)
  eden space 33280K, 100% used [0x00000000e0000000,0x00000000e2080000,0x00000000e2080000)
  from space 5120K, 79% used [0x00000000e2080000,0x00000000e2473fc0,0x00000000e2580000)
  to   space 5120K, 0% used [0x00000000e4600000,0x00000000e4600000,0x00000000e4b00000)
 ParOldGen       total 87552K, used 8K [0x00000000a0000000, 0x00000000a5580000, 0x00000000e0000000)
  object space 87552K, 0% used [0x00000000a0000000,0x00000000a0002000,0x00000000a5580000)
 Metaspace       used 11484K, capacity 11722K, committed 11904K, reserved 1058816K
  class space    used 1520K, capacity 1629K, committed 1664K, reserved 1048576K
Event: 3.155 GC heap after
Heap after GC invocations=2 (full 0):
 PSYoungGen      total 71680K, used 5101K [0x00000000e0000000, 0x00000000e4b00000, 0x0000000100000000)
  eden space 66560K, 0% used [0x00000000e0000000,0x00000000e0000000,0x00000000e4100000)
  from space 5120K, 99% used [0x00000000e4600000,0x00000000e4afb5a0,0x00000000e4b00000)
  to   space 5120K, 0% used [0x00000000e4100000,0x00000000e4100000,0x00000000e4600000)
 ParOldGen       total 87552K, used 439K [0x00000000a0000000, 0x00000000a5580000, 0x00000000e0000000)
  object space 87552K, 0% used [0x00000000a0000000,0x00000000a006df40,0x00000000a5580000)
 Metaspace       used 11484K, capacity 11722K, committed 11904K, reserved 1058816K
  class space    used 1520K, capacity 1629K, committed 1664K, reserved 1048576K
}

Deoptimization events (10 events):
Event: 1.883 Thread 0x000000000132d800 Uncommon trap: reason=bimorphic action=maybe_recompile pc=0x000000000339b348 method=java.util.HashMap.putVal(ILjava/lang/Object;Ljava/lang/Object;ZZ)Ljava/lang/Object; @ 203
Event: 2.200 Thread 0x000000000132d800 Uncommon trap: reason=unstable_if action=reinterpret pc=0x000000000331865c method=java.io.WinNTFileSystem.normalize(Ljava/lang/String;)Ljava/lang/String; @ 128
Event: 2.200 Thread 0x000000000132d800 Uncommon trap: reason=unstable_if action=reinterpret pc=0x000000000338db10 method=java.io.WinNTFileSystem.normalize(Ljava/lang/String;II)Ljava/lang/String; @ 90
Event: 3.157 Thread 0x0000000019870000 Uncommon trap: reason=unstable_if action=reinterpret pc=0x0000000003410d50 method=java.util.concurrent.ConcurrentHashMap.putVal(Ljava/lang/Object;Ljava/lang/Object;Z)Ljava/lang/Object; @ 206
Event: 3.317 Thread 0x000000001989f000 Uncommon trap: reason=bimorphic action=maybe_recompile pc=0x000000000339ac90 method=java.util.HashMap.putVal(ILjava/lang/Object;Ljava/lang/Object;ZZ)Ljava/lang/Object; @ 253
Event: 3.317 Thread 0x000000001989f000 Uncommon trap: reason=bimorphic action=maybe_recompile pc=0x000000000339ac90 method=java.util.HashMap.putVal(ILjava/lang/Object;Ljava/lang/Object;ZZ)Ljava/lang/Object; @ 253
Event: 3.317 Thread 0x000000001989f000 Uncommon trap: reason=bimorphic action=maybe_recompile pc=0x000000000339ac90 method=java.util.HashMap.putVal(ILjava/lang/Object;Ljava/lang/Object;ZZ)Ljava/lang/Object; @ 253
Event: 3.334 Thread 0x000000001989f000 Uncommon trap: reason=class_check action=maybe_recompile pc=0x00000000033137d8 method=java.util.regex.Matcher.match(II)Z @ 86
Event: 3.787 Thread 0x000000001989f000 Uncommon trap: reason=class_check action=maybe_recompile pc=0x00000000033137d8 method=java.util.regex.Matcher.match(II)Z @ 86
Event: 3.788 Thread 0x000000001989f000 Uncommon trap: reason=class_check action=maybe_recompile pc=0x00000000032df55c method=java.util.regex.Matcher.match(II)Z @ 86

Classes redefined (0 events):
No events

Internal exceptions (10 events):
Event: 3.181 Thread 0x0000000019870000 Exception <a 'java/lang/NoSuchMethodError': <clinit>> (0x00000000e011abf8) thrown at [D:\src\AOSP-openjdk-cygwin\jdk8u\hotspot\src\share\vm\prims\jni.cpp, line 1613]
Event: 3.182 Thread 0x0000000019870000 Exception <a 'java/lang/NoSuchMethodError': <clinit>> (0x00000000e01236c0) thrown at [D:\src\AOSP-openjdk-cygwin\jdk8u\hotspot\src\share\vm\prims\jni.cpp, line 1613]
Event: 3.188 Thread 0x0000000019870000 Exception <a 'java/lang/NoSuchMethodError': <clinit>> (0x00000000e0134d28) thrown at [D:\src\AOSP-openjdk-cygwin\jdk8u\hotspot\src\share\vm\prims\jni.cpp, line 1613]
Event: 3.215 Thread 0x0000000019870000 Exception <a 'java/lang/NoSuchMethodError': <clinit>> (0x00000000e019a078) thrown at [D:\src\AOSP-openjdk-cygwin\jdk8u\hotspot\src\share\vm\prims\jni.cpp, line 1613]
Event: 3.220 Thread 0x0000000019870000 Exception <a 'java/lang/NoSuchMethodError': <clinit>> (0x00000000e01bd868) thrown at [D:\src\AOSP-openjdk-cygwin\jdk8u\hotspot\src\share\vm\prims\jni.cpp, line 1613]
Event: 3.225 Thread 0x0000000019870000 Exception <a 'java/lang/NoSuchMethodError': <clinit>> (0x00000000e01e7828) thrown at [D:\src\AOSP-openjdk-cygwin\jdk8u\hotspot\src\share\vm\prims\jni.cpp, line 1613]
Event: 3.226 Thread 0x0000000019870000 Exception <a 'java/lang/NoSuchMethodError': <clinit>> (0x00000000e01f53a0) thrown at [D:\src\AOSP-openjdk-cygwin\jdk8u\hotspot\src\share\vm\prims\jni.cpp, line 1613]
Event: 3.231 Thread 0x0000000019870000 Exception <a 'java/lang/NoSuchMethodError': <clinit>> (0x00000000e0217440) thrown at [D:\src\AOSP-openjdk-cygwin\jdk8u\hotspot\src\share\vm\prims\jni.cpp, line 1613]
Event: 3.299 Thread 0x000000001989f000 Exception <a 'java/lang/NoSuchMethodError': <clinit>> (0x00000000e046cae8) thrown at [D:\src\AOSP-openjdk-cygwin\jdk8u\hotspot\src\share\vm\prims\jni.cpp, line 1613]
Event: 3.301 Thread 0x000000001989f000 Exception <a 'java/lang/NoSuchMethodError': <clinit>> (0x00000000e0474d70) thrown at [D:\src\AOSP-openjdk-cygwin\jdk8u\hotspot\src\share\vm\prims\jni.cpp, line 1613]

Events (10 events):
Event: 4.095 loading class org/gradle/internal/classpath/DefaultCachedClasspathTransformer$CachedJarFileTransformer
Event: 4.095 loading class org/gradle/internal/classpath/DefaultCachedClasspathTransformer$CachedJarFileTransformer done
Event: 4.096 loading class org/gradle/api/internal/artifacts/DefaultImmutableModuleIdentifierFactory
Event: 4.096 loading class org/gradle/api/internal/artifacts/DefaultImmutableModuleIdentifierFactory done
Event: 4.101 loading class org/gradle/composite/internal/DefaultBuildableCompositeBuildContext
Event: 4.101 loading class org/gradle/composite/internal/DefaultBuildableCompositeBuildContext done
Event: 4.102 loading class org/gradle/composite/internal/IncludedBuildDependencyMetadataBuilder
Event: 4.102 loading class org/gradle/composite/internal/IncludedBuildDependencyMetadataBuilder done
Event: 4.103 loading class org/gradle/api/invocation/Gradle
Event: 4.103 loading class org/gradle/api/invocation/Gradle done


Dynamic libraries:
0x00007ff6d2610000 - 0x00007ff6d2641000 	C:\Program Files\Android\Android Studio\jre\bin\java.exe
0x00007fff424f0000 - 0x00007fff426d1000 	C:\WINDOWS\SYSTEM32\ntdll.dll
0x00007fff40230000 - 0x00007fff402e2000 	C:\WINDOWS\System32\KERNEL32.DLL
0x00007fff3f370000 - 0x00007fff3f5e3000 	C:\WINDOWS\System32\KERNELBASE.dll
0x00007fff40180000 - 0x00007fff40221000 	C:\WINDOWS\System32\ADVAPI32.dll
0x00007fff3fed0000 - 0x00007fff3ff6e000 	C:\WINDOWS\System32\msvcrt.dll
0x00007fff41b90000 - 0x00007fff41beb000 	C:\WINDOWS\System32\sechost.dll
0x00007fff3ff70000 - 0x00007fff40094000 	C:\WINDOWS\System32\RPCRT4.dll
0x00007fff41c30000 - 0x00007fff41dc0000 	C:\WINDOWS\System32\USER32.dll
0x00007fff3f5f0000 - 0x00007fff3f610000 	C:\WINDOWS\System32\win32u.dll
0x00007fff41bf0000 - 0x00007fff41c18000 	C:\WINDOWS\System32\GDI32.dll
0x00007fff3e8c0000 - 0x00007fff3ea52000 	C:\WINDOWS\System32\gdi32full.dll
0x00007fff3f1d0000 - 0x00007fff3f26f000 	C:\WINDOWS\System32\msvcp_win.dll
0x00007fff3f270000 - 0x00007fff3f36a000 	C:\WINDOWS\System32\ucrtbase.dll
0x00007fff35c40000 - 0x00007fff35ea9000 	C:\WINDOWS\WinSxS\amd64_microsoft.windows.common-controls_6595b64144ccf1df_6.0.17134.48_none_b4b2216a3cb4dd3e\COMCTL32.dll
0x00007fff41dc0000 - 0x00007fff420e3000 	C:\WINDOWS\System32\combase.dll
0x00007fff3f610000 - 0x00007fff3f68a000 	C:\WINDOWS\System32\bcryptPrimitives.dll
0x00007fff3fa20000 - 0x00007fff3fa4d000 	C:\WINDOWS\System32\IMM32.DLL
0x0000000060390000 - 0x0000000060462000 	C:\Program Files\Android\Android Studio\jre\jre\bin\msvcr100.dll
0x0000000060550000 - 0x0000000060d8f000 	C:\Program Files\Android\Android Studio\jre\jre\bin\server\jvm.dll
0x00007fff3fa50000 - 0x00007fff3fa58000 	C:\WINDOWS\System32\PSAPI.DLL
0x00007fff3aff0000 - 0x00007fff3aff9000 	C:\WINDOWS\SYSTEM32\WSOCK32.dll
0x00007fff422b0000 - 0x00007fff4231c000 	C:\WINDOWS\System32\WS2_32.dll
0x00007fff35110000 - 0x00007fff3511a000 	C:\WINDOWS\SYSTEM32\VERSION.dll
0x00007fff363b0000 - 0x00007fff363d3000 	C:\WINDOWS\SYSTEM32\WINMM.dll
0x00007fff36380000 - 0x00007fff363aa000 	C:\WINDOWS\SYSTEM32\WINMMBASE.dll
0x00007fff3f930000 - 0x00007fff3f979000 	C:\WINDOWS\System32\cfgmgr32.dll
0x00007fff3afe0000 - 0x00007fff3afef000 	C:\Program Files\Android\Android Studio\jre\jre\bin\verify.dll
0x00007fff36130000 - 0x00007fff36159000 	C:\Program Files\Android\Android Studio\jre\jre\bin\java.dll
0x00007fff36110000 - 0x00007fff36126000 	C:\Program Files\Android\Android Studio\jre\jre\bin\zip.dll
0x00007fff405d0000 - 0x00007fff41a10000 	C:\WINDOWS\System32\SHELL32.dll
0x00007fff40520000 - 0x00007fff405c9000 	C:\WINDOWS\System32\shcore.dll
0x00007fff3eac0000 - 0x00007fff3f1cd000 	C:\WINDOWS\System32\windows.storage.dll
0x00007fff420f0000 - 0x00007fff42141000 	C:\WINDOWS\System32\shlwapi.dll
0x00007fff3e8a0000 - 0x00007fff3e8b1000 	C:\WINDOWS\System32\kernel.appcore.dll
0x00007fff3e830000 - 0x00007fff3e84f000 	C:\WINDOWS\System32\profapi.dll
0x00007fff3e850000 - 0x00007fff3e89c000 	C:\WINDOWS\System32\powrprof.dll
0x00007fff3e820000 - 0x00007fff3e82a000 	C:\WINDOWS\System32\FLTLIB.DLL
0x00007fff360f0000 - 0x00007fff3610a000 	C:\Program Files\Android\Android Studio\jre\jre\bin\net.dll
0x00007fff3e080000 - 0x00007fff3e0e6000 	C:\WINDOWS\system32\mswsock.dll
0x00007fff35990000 - 0x00007fff359a1000 	C:\Program Files\Android\Android Studio\jre\jre\bin\nio.dll
0x00007fff2ec70000 - 0x00007fff2ec8e000 	C:\Users\User\.gradle\native\25\windows-amd64\native-platform.dll
0x00007fff3b010000 - 0x00007fff3b01d000 	C:\Program Files\Android\Android Studio\jre\jre\bin\management.dll
0x00007fff3e230000 - 0x00007fff3e247000 	C:\WINDOWS\SYSTEM32\CRYPTSP.dll
0x00007fff3dc60000 - 0x00007fff3dc93000 	C:\WINDOWS\system32\rsaenh.dll
0x00007fff3e360000 - 0x00007fff3e385000 	C:\WINDOWS\SYSTEM32\bcrypt.dll
0x00007fff3e730000 - 0x00007fff3e758000 	C:\WINDOWS\SYSTEM32\USERENV.dll
0x00007fff3e250000 - 0x00007fff3e25b000 	C:\WINDOWS\SYSTEM32\CRYPTBASE.dll
0x00007fff3de00000 - 0x00007fff3de38000 	C:\WINDOWS\SYSTEM32\IPHLPAPI.DLL
0x00007fff42150000 - 0x00007fff42158000 	C:\WINDOWS\System32\NSI.dll
0x00007fff383b0000 - 0x00007fff383c6000 	C:\WINDOWS\SYSTEM32\dhcpcsvc6.DLL
0x00007fff38690000 - 0x00007fff386aa000 	C:\WINDOWS\SYSTEM32\dhcpcsvc.DLL

VM Arguments:
jvm_args: -Xmx1536m -Dfile.encoding=windows-1250 -Duser.country=US -Duser.language=en -Duser.variant 
java_command: org.gradle.launcher.daemon.bootstrap.GradleDaemon 4.4
java_class_path (initial): C:\Users\User\.gradle\wrapper\dists\gradle-4.4-all\9br9xq1tocpiv8o6njlyu5op1\gradle-4.4\lib\gradle-launcher-4.4.jar
Launcher Type: SUN_STANDARD

Environment Variables:
PATH=C:\ProgramData\Oracle\Java\javapath;C:\WINDOWS\system32;C:\WINDOWS;C:\WINDOWS\System32\Wbem;C:\WINDOWS\System32\WindowsPowerShell\v1.0\;C:\Program Files (x86)\Skype\Phone\;C:\Program Files\Git\cmd;C:\WINDOWS\System32\OpenSSH\;C:\Users\User\AppData\Local\Microsoft\WindowsApps;C:\Users\User\AppData\Local\GitHubDesktop\bin;%USERPROFILE%\AppData\Local\Microsoft\WindowsApps;
USERNAME=User
OS=Windows_NT
PROCESSOR_IDENTIFIER=Intel64 Family 6 Model 58 Stepping 9, GenuineIntel



---------------  S Y S T E M  ---------------

OS: Windows 10.0 , 64 bit Build 17134 (10.0.17134.1)

CPU:total 4 (initial active 4) (2 cores per cpu, 2 threads per core) family 6 model 58 stepping 9, cmov, cx8, fxsr, mmx, sse, sse2, sse3, ssse3, sse4.1, sse4.2, popcnt, avx, aes, clmul, erms, ht, tsc, tscinvbit, tscinv

Memory: 4k page, physical 8289268k(387520k free), swap 23953628k(2160k free)

vm_info: OpenJDK 64-Bit Server VM (25.152-b02) for windows-amd64 JRE (1.8.0_152-release-1024-b02), built by "builder" with MS VC++ 10.0 (VS2010)

time: Fri Jun 01 19:59:55 2018
elapsed time: 4 seconds (0d 0h 0m 4s)

