#
# There is insufficient memory for the Java Runtime Environment to continue.
# Native memory allocation (malloc) failed to allocate 531120 bytes for Chunk::new
# Possible reasons:
#   The system is out of physical RAM or swap space
#   In 32 bit mode, the process size limit was hit
# Possible solutions:
#   Reduce memory load on the system
#   Increase physical memory or swap space
#   Check if swap backing store is full
#   Use 64 bit Java on a 64 bit OS
#   Decrease Java heap size (-Xmx/-Xms)
#   Decrease number of Java threads
#   Decrease Java thread stack sizes (-Xss)
#   Set larger code cache with -XX:ReservedCodeCacheSize=
# This output file may be truncated or incomplete.
#
#  Out of Memory Error (allocation.cpp:390), pid=8176, tid=0x0000000000001fb4
#
# JRE version: OpenJDK Runtime Environment (8.0_152-b02) (build 1.8.0_152-release-1024-b02)
# Java VM: OpenJDK 64-Bit Server VM (25.152-b02 mixed mode windows-amd64 compressed oops)
# Failed to write core dump. Minidumps are not enabled by default on client versions of Windows
#

---------------  T H R E A D  ---------------

Current thread (0x0000000016049000):  JavaThread "C2 CompilerThread0" daemon [_thread_in_native, id=8116, stack(0x00000000176a0000,0x00000000177a0000)]

Stack: [0x00000000176a0000,0x00000000177a0000]
[error occurred during error reporting (printing stack bounds), id 0xc0000005]

Native frames: (J=compiled Java code, j=interpreted, Vv=VM code, C=native code)


Current CompileTask:
C2:   3353 1361       4       java.net.URLClassLoader$1::run (5 bytes)


---------------  P R O C E S S  ---------------

Java Threads: ( => current thread )
  0x000000001b0d5000 JavaThread "Cache worker for file hash cache (C:\Users\User\AndroidStudioProjects\BakingApp\.gradle\4.4\fileHashes)" [_thread_blocked, id=12412, stack(0x000000001bbc0000,0x000000001bcc0000)]
  0x000000001935a800 JavaThread "File lock request listener" [_thread_in_native, id=12364, stack(0x000000001aaf0000,0x000000001abf0000)]
  0x0000000019357800 JavaThread "Cache worker for file hash cache (C:\Users\User\.gradle\caches\4.4\fileHashes)" [_thread_blocked, id=12408, stack(0x000000001a9f0000,0x000000001aaf0000)]
  0x0000000018ed4000 JavaThread "Stdin handler" [_thread_blocked, id=12404, stack(0x000000001a6f0000,0x000000001a7f0000)]
  0x0000000018ebe000 JavaThread "Asynchronous log dispatcher for DefaultDaemonConnection: socket connection from /127.0.0.1:65366 to /127.0.0.1:65367" [_thread_blocked, id=12396, stack(0x000000001a5f0000,0x000000001a6f0000)]
  0x0000000018ee5800 JavaThread "Daemon worker" [_thread_in_native_trans, id=12400, stack(0x000000001a4f0000,0x000000001a5f0000)]
  0x0000000018ee4000 JavaThread "Cancel handler" [_thread_blocked, id=5244, stack(0x000000001a3f0000,0x000000001a4f0000)]
  0x0000000018e8d800 JavaThread "Handler for socket connection from /127.0.0.1:65366 to /127.0.0.1:65367" [_thread_in_native, id=1072, stack(0x000000001a0f0000,0x000000001a1f0000)]
  0x0000000018e38000 JavaThread "Daemon" [_thread_blocked, id=14960, stack(0x0000000019ff0000,0x000000001a0f0000)]
  0x0000000018e19800 JavaThread "Daemon periodic checks" [_thread_blocked, id=6136, stack(0x0000000019ef0000,0x0000000019ff0000)]
  0x0000000018df9800 JavaThread "Incoming local TCP Connector on port 65366" [_thread_in_native, id=15568, stack(0x0000000019cb0000,0x0000000019db0000)]
  0x00000000160ac000 JavaThread "Service Thread" daemon [_thread_blocked, id=15580, stack(0x0000000017da0000,0x0000000017ea0000)]
  0x00000000160a7000 JavaThread "C1 CompilerThread2" daemon [_thread_blocked, id=5948, stack(0x0000000017ca0000,0x0000000017da0000)]
  0x00000000160a4800 JavaThread "C2 CompilerThread1" daemon [_thread_blocked, id=14876, stack(0x00000000177a0000,0x00000000178a0000)]
=>0x0000000016049000 JavaThread "C2 CompilerThread0" daemon [_thread_in_native, id=8116, stack(0x00000000176a0000,0x00000000177a0000)]
  0x0000000016057800 JavaThread "Attach Listener" daemon [_thread_blocked, id=3668, stack(0x00000000175a0000,0x00000000176a0000)]
  0x0000000016056000 JavaThread "Signal Dispatcher" daemon [_thread_blocked, id=5900, stack(0x00000000174a0000,0x00000000175a0000)]
  0x00000000026d6800 JavaThread "Finalizer" daemon [_thread_blocked, id=8136, stack(0x00000000172b0000,0x00000000173b0000)]
  0x00000000026d1000 JavaThread "Reference Handler" daemon [_thread_blocked, id=2388, stack(0x00000000171b0000,0x00000000172b0000)]
  0x00000000025dd800 JavaThread "main" [_thread_blocked, id=8848, stack(0x0000000002400000,0x0000000002500000)]

Other Threads:
  0x0000000016015800 VMThread [stack: 0x00000000170b0000,0x00000000171b0000] [id=8532]
  0x00000000160ad000 WatcherThread [stack: 0x0000000017ea0000,0x0000000017fa0000] [id=11820]

VM state:not at safepoint (normal execution)

VM Mutex/Monitor currently owned by a thread: None

Heap:
 PSYoungGen      total 38400K, used 12710K [0x00000000e0000000, 0x00000000e4b00000, 0x0000000100000000)
  eden space 33280K, 22% used [0x00000000e0000000,0x00000000e0771710,0x00000000e2080000)
  from space 5120K, 99% used [0x00000000e2080000,0x00000000e25781e8,0x00000000e2580000)
  to   space 5120K, 0% used [0x00000000e4600000,0x00000000e4600000,0x00000000e4b00000)
 ParOldGen       total 87552K, used 2393K [0x00000000a0000000, 0x00000000a5580000, 0x00000000e0000000)
  object space 87552K, 2% used [0x00000000a0000000,0x00000000a0256470,0x00000000a5580000)
 Metaspace       used 15120K, capacity 15414K, committed 15616K, reserved 1062912K
  class space    used 2130K, capacity 2251K, committed 2304K, reserved 1048576K

Card table byte_map: [0x0000000011aa0000,0x0000000011db0000] byte_map_base: 0x00000000115a0000

Marking Bits: (ParMarkBitMap*) 0x0000000060d14970
 Begin Bits: [0x00000000123b0000, 0x0000000013bb0000)
 End Bits:   [0x0000000013bb0000, 0x00000000153b0000)

Polling page: 0x0000000000670000

CodeCache: size=245760Kb used=4980Kb max_used=4980Kb free=240779Kb
 bounds [0x00000000026e0000, 0x0000000002bd0000, 0x00000000116e0000]
 total_blobs=1834 nmethods=1464 adapters=283
 compilation: enabled

Compilation events (10 events):
Event: 3.316 Thread 0x00000000160a4800 1461   !   4       java.util.concurrent.ConcurrentHashMap::putVal (362 bytes)
Event: 3.316 Thread 0x00000000160a7000 1462       3       java.util.IdentityHashMap::nextKeyIndex (15 bytes)
Event: 3.316 Thread 0x00000000160a7000 nmethod 1462 0x0000000002bb6c90 code [0x0000000002bb6de0, 0x0000000002bb6f70]
Event: 3.334 Thread 0x00000000160a4800 nmethod 1461 0x0000000002bba8d0 code [0x0000000002bbaa80, 0x0000000002bbb730]
Event: 3.343 Thread 0x00000000160a7000 1463       3       java.lang.String::lastIndexOf (151 bytes)
Event: 3.344 Thread 0x00000000160a7000 nmethod 1463 0x0000000002bb9d50 code [0x0000000002bb9f00, 0x0000000002bba450]
Event: 3.344 Thread 0x00000000160a7000 1464   !   3       org.gradle.internal.classloader.TransformingClassLoader::findClass (203 bytes)
Event: 3.346 Thread 0x00000000160a7000 nmethod 1464 0x0000000002bbc110 code [0x0000000002bbc560, 0x0000000002bbed38]
Event: 3.346 Thread 0x00000000160a7000 1465       3       org.gradle.initialization.MixInLegacyTypesClassLoader::shouldTransform (42 bytes)
Event: 3.346 Thread 0x00000000160a7000 nmethod 1465 0x0000000002bb95d0 code [0x0000000002bb9760, 0x0000000002bb9bb8]

GC Heap History (6 events):
Event: 1.126 GC heap before
{Heap before GC invocations=1 (full 0):
 PSYoungGen      total 38400K, used 33280K [0x00000000e0000000, 0x00000000e2a80000, 0x0000000100000000)
  eden space 33280K, 100% used [0x00000000e0000000,0x00000000e2080000,0x00000000e2080000)
  from space 5120K, 0% used [0x00000000e2580000,0x00000000e2580000,0x00000000e2a80000)
  to   space 5120K, 0% used [0x00000000e2080000,0x00000000e2080000,0x00000000e2580000)
 ParOldGen       total 87552K, used 0K [0x00000000a0000000, 0x00000000a5580000, 0x00000000e0000000)
  object space 87552K, 0% used [0x00000000a0000000,0x00000000a0000000,0x00000000a5580000)
 Metaspace       used 6581K, capacity 6766K, committed 7040K, reserved 1056768K
  class space    used 804K, capacity 875K, committed 896K, reserved 1048576K
Event: 1.135 GC heap after
Heap after GC invocations=1 (full 0):
 PSYoungGen      total 38400K, used 4048K [0x00000000e0000000, 0x00000000e2a80000, 0x0000000100000000)
  eden space 33280K, 0% used [0x00000000e0000000,0x00000000e0000000,0x00000000e2080000)
  from space 5120K, 79% used [0x00000000e2080000,0x00000000e2474388,0x00000000e2580000)
  to   space 5120K, 0% used [0x00000000e2580000,0x00000000e2580000,0x00000000e2a80000)
 ParOldGen       total 87552K, used 8K [0x00000000a0000000, 0x00000000a5580000, 0x00000000e0000000)
  object space 87552K, 0% used [0x00000000a0000000,0x00000000a0002000,0x00000000a5580000)
 Metaspace       used 6581K, capacity 6766K, committed 7040K, reserved 1056768K
  class space    used 804K, capacity 875K, committed 896K, reserved 1048576K
}
Event: 2.593 GC heap before
{Heap before GC invocations=2 (full 0):
 PSYoungGen      total 38400K, used 37328K [0x00000000e0000000, 0x00000000e2a80000, 0x0000000100000000)
  eden space 33280K, 100% used [0x00000000e0000000,0x00000000e2080000,0x00000000e2080000)
  from space 5120K, 79% used [0x00000000e2080000,0x00000000e2474388,0x00000000e2580000)
  to   space 5120K, 0% used [0x00000000e2580000,0x00000000e2580000,0x00000000e2a80000)
 ParOldGen       total 87552K, used 8K [0x00000000a0000000, 0x00000000a5580000, 0x00000000e0000000)
  object space 87552K, 0% used [0x00000000a0000000,0x00000000a0002000,0x00000000a5580000)
 Metaspace       used 11528K, capacity 11798K, committed 11904K, reserved 1058816K
  class space    used 1526K, capacity 1631K, committed 1664K, reserved 1048576K
Event: 2.600 GC heap after
Heap after GC invocations=2 (full 0):
 PSYoungGen      total 38400K, used 5117K [0x00000000e0000000, 0x00000000e2a80000, 0x0000000100000000)
  eden space 33280K, 0% used [0x00000000e0000000,0x00000000e0000000,0x00000000e2080000)
  from space 5120K, 99% used [0x00000000e2580000,0x00000000e2a7f7a8,0x00000000e2a80000)
  to   space 5120K, 0% used [0x00000000e2080000,0x00000000e2080000,0x00000000e2580000)
 ParOldGen       total 87552K, used 415K [0x00000000a0000000, 0x00000000a5580000, 0x00000000e0000000)
  object space 87552K, 0% used [0x00000000a0000000,0x00000000a0067f40,0x00000000a5580000)
 Metaspace       used 11528K, capacity 11798K, committed 11904K, reserved 1058816K
  class space    used 1526K, capacity 1631K, committed 1664K, reserved 1048576K
}
Event: 3.144 GC heap before
{Heap before GC invocations=3 (full 0):
 PSYoungGen      total 38400K, used 38397K [0x00000000e0000000, 0x00000000e2a80000, 0x0000000100000000)
  eden space 33280K, 100% used [0x00000000e0000000,0x00000000e2080000,0x00000000e2080000)
  from space 5120K, 99% used [0x00000000e2580000,0x00000000e2a7f7a8,0x00000000e2a80000)
  to   space 5120K, 0% used [0x00000000e2080000,0x00000000e2080000,0x00000000e2580000)
 ParOldGen       total 87552K, used 415K [0x00000000a0000000, 0x00000000a5580000, 0x00000000e0000000)
  object space 87552K, 0% used [0x00000000a0000000,0x00000000a0067f40,0x00000000a5580000)
 Metaspace       used 14428K, capacity 14774K, committed 14976K, reserved 1062912K
  class space    used 2017K, capacity 2123K, committed 2176K, reserved 1048576K
Event: 3.164 GC heap after
Heap after GC invocations=3 (full 0):
 PSYoungGen      total 38400K, used 5088K [0x00000000e0000000, 0x00000000e4b00000, 0x0000000100000000)
  eden space 33280K, 0% used [0x00000000e0000000,0x00000000e0000000,0x00000000e2080000)
  from space 5120K, 99% used [0x00000000e2080000,0x00000000e25781e8,0x00000000e2580000)
  to   space 5120K, 0% used [0x00000000e4600000,0x00000000e4600000,0x00000000e4b00000)
 ParOldGen       total 87552K, used 2393K [0x00000000a0000000, 0x00000000a5580000, 0x00000000e0000000)
  object space 87552K, 2% used [0x00000000a0000000,0x00000000a0256470,0x00000000a5580000)
 Metaspace       used 14428K, capacity 14774K, committed 14976K, reserved 1062912K
  class space    used 2017K, capacity 2123K, committed 2176K, reserved 1048576K
}

Deoptimization events (10 events):
Event: 1.757 Thread 0x00000000025dd800 Uncommon trap: reason=bimorphic action=maybe_recompile pc=0x0000000002a0bc9c method=java.util.HashMap.putVal(ILjava/lang/Object;Ljava/lang/Object;ZZ)Ljava/lang/Object; @ 203
Event: 1.976 Thread 0x00000000025dd800 Uncommon trap: reason=unstable_if action=reinterpret pc=0x00000000029b3b14 method=java.io.WinNTFileSystem.normalize(Ljava/lang/String;)Ljava/lang/String; @ 128
Event: 1.976 Thread 0x00000000025dd800 Uncommon trap: reason=unstable_if action=reinterpret pc=0x00000000029f6578 method=java.io.WinNTFileSystem.normalize(Ljava/lang/String;II)Ljava/lang/String; @ 90
Event: 2.588 Thread 0x0000000018e8d800 Uncommon trap: reason=unstable_if action=reinterpret pc=0x0000000002a7ca14 method=java.util.concurrent.ConcurrentHashMap.putVal(Ljava/lang/Object;Ljava/lang/Object;Z)Ljava/lang/Object; @ 206
Event: 2.695 Thread 0x0000000018ee5800 Uncommon trap: reason=bimorphic action=maybe_recompile pc=0x0000000002a0b5a8 method=java.util.HashMap.putVal(ILjava/lang/Object;Ljava/lang/Object;ZZ)Ljava/lang/Object; @ 253
Event: 2.695 Thread 0x0000000018ee5800 Uncommon trap: reason=bimorphic action=maybe_recompile pc=0x0000000002a0b5a8 method=java.util.HashMap.putVal(ILjava/lang/Object;Ljava/lang/Object;ZZ)Ljava/lang/Object; @ 253
Event: 2.695 Thread 0x0000000018ee5800 Uncommon trap: reason=bimorphic action=maybe_recompile pc=0x0000000002a0b5a8 method=java.util.HashMap.putVal(ILjava/lang/Object;Ljava/lang/Object;ZZ)Ljava/lang/Object; @ 253
Event: 2.709 Thread 0x0000000018ee5800 Uncommon trap: reason=class_check action=maybe_recompile pc=0x00000000029421cc method=java.util.regex.Matcher.match(II)Z @ 86
Event: 3.034 Thread 0x0000000018ee5800 Uncommon trap: reason=class_check action=maybe_recompile pc=0x00000000029421cc method=java.util.regex.Matcher.match(II)Z @ 86
Event: 3.168 Thread 0x0000000018ee5800 Uncommon trap: reason=unstable_if action=reinterpret pc=0x0000000002b50134 method=java.lang.String.lastIndexOf([CII[CIII)I @ 66

Classes redefined (0 events):
No events

Internal exceptions (10 events):
Event: 2.614 Thread 0x0000000018e8d800 Exception <a 'java/lang/NoSuchMethodError': <clinit>> (0x00000000e007fdb0) thrown at [D:\src\AOSP-openjdk-cygwin\jdk8u\hotspot\src\share\vm\prims\jni.cpp, line 1613]
Event: 2.616 Thread 0x0000000018e8d800 Exception <a 'java/lang/NoSuchMethodError': <clinit>> (0x00000000e00978b0) thrown at [D:\src\AOSP-openjdk-cygwin\jdk8u\hotspot\src\share\vm\prims\jni.cpp, line 1613]
Event: 2.617 Thread 0x0000000018e8d800 Exception <a 'java/lang/NoSuchMethodError': <clinit>> (0x00000000e00a0378) thrown at [D:\src\AOSP-openjdk-cygwin\jdk8u\hotspot\src\share\vm\prims\jni.cpp, line 1613]
Event: 2.619 Thread 0x0000000018e8d800 Exception <a 'java/lang/NoSuchMethodError': <clinit>> (0x00000000e00b1ce0) thrown at [D:\src\AOSP-openjdk-cygwin\jdk8u\hotspot\src\share\vm\prims\jni.cpp, line 1613]
Event: 2.644 Thread 0x0000000018e8d800 Exception <a 'java/lang/NoSuchMethodError': <clinit>> (0x00000000e0154a28) thrown at [D:\src\AOSP-openjdk-cygwin\jdk8u\hotspot\src\share\vm\prims\jni.cpp, line 1613]
Event: 2.648 Thread 0x0000000018e8d800 Exception <a 'java/lang/NoSuchMethodError': <clinit>> (0x00000000e0178380) thrown at [D:\src\AOSP-openjdk-cygwin\jdk8u\hotspot\src\share\vm\prims\jni.cpp, line 1613]
Event: 2.652 Thread 0x0000000018e8d800 Exception <a 'java/lang/NoSuchMethodError': <clinit>> (0x00000000e01932d0) thrown at [D:\src\AOSP-openjdk-cygwin\jdk8u\hotspot\src\share\vm\prims\jni.cpp, line 1613]
Event: 2.657 Thread 0x0000000018e8d800 Exception <a 'java/lang/NoSuchMethodError': <clinit>> (0x00000000e01b5550) thrown at [D:\src\AOSP-openjdk-cygwin\jdk8u\hotspot\src\share\vm\prims\jni.cpp, line 1613]
Event: 2.685 Thread 0x0000000018ee5800 Exception <a 'java/lang/NoSuchMethodError': <clinit>> (0x00000000e03101f0) thrown at [D:\src\AOSP-openjdk-cygwin\jdk8u\hotspot\src\share\vm\prims\jni.cpp, line 1613]
Event: 2.685 Thread 0x0000000018ee5800 Exception <a 'java/lang/NoSuchMethodError': <clinit>> (0x00000000e0318478) thrown at [D:\src\AOSP-openjdk-cygwin\jdk8u\hotspot\src\share\vm\prims\jni.cpp, line 1613]

Events (10 events):
Event: 3.346 loading class org/gradle/internal/classloader/MultiParentClassLoader
Event: 3.346 loading class org/gradle/internal/classloader/MultiParentClassLoader done
Event: 3.347 loading class org/gradle/plugin/management/internal/DefaultPluginResolutionStrategy
Event: 3.347 loading class org/gradle/plugin/management/internal/DefaultPluginResolutionStrategy done
Event: 3.348 loading class org/gradle/api/internal/ThreadGlobalInstantiator
Event: 3.348 loading class org/gradle/api/internal/ThreadGlobalInstantiator done
Event: 3.348 loading class org/gradle/api/internal/ThreadGlobalInstantiator$1
Event: 3.348 loading class org/gradle/api/internal/ThreadGlobalInstantiator$1 done
Event: 3.349 loading class org/apache/commons/collections/map/ReferenceMap
Event: 3.349 loading class org/apache/commons/collections/map/ReferenceMap done


Dynamic libraries:
0x00007ff649890000 - 0x00007ff6498c1000 	C:\Program Files\Android\Android Studio\jre\bin\java.exe
0x00007fff424f0000 - 0x00007fff426d1000 	C:\WINDOWS\SYSTEM32\ntdll.dll
0x00007fff40230000 - 0x00007fff402e2000 	C:\WINDOWS\System32\KERNEL32.DLL
0x00007fff3f370000 - 0x00007fff3f5e3000 	C:\WINDOWS\System32\KERNELBASE.dll
0x00007fff40180000 - 0x00007fff40221000 	C:\WINDOWS\System32\ADVAPI32.dll
0x00007fff3fed0000 - 0x00007fff3ff6e000 	C:\WINDOWS\System32\msvcrt.dll
0x00007fff41b90000 - 0x00007fff41beb000 	C:\WINDOWS\System32\sechost.dll
0x00007fff3ff70000 - 0x00007fff40094000 	C:\WINDOWS\System32\RPCRT4.dll
0x00007fff41c30000 - 0x00007fff41dc0000 	C:\WINDOWS\System32\USER32.dll
0x00007fff3f5f0000 - 0x00007fff3f610000 	C:\WINDOWS\System32\win32u.dll
0x00007fff41bf0000 - 0x00007fff41c18000 	C:\WINDOWS\System32\GDI32.dll
0x00007fff3e8c0000 - 0x00007fff3ea52000 	C:\WINDOWS\System32\gdi32full.dll
0x00007fff3f1d0000 - 0x00007fff3f26f000 	C:\WINDOWS\System32\msvcp_win.dll
0x00007fff3f270000 - 0x00007fff3f36a000 	C:\WINDOWS\System32\ucrtbase.dll
0x00007fff35c40000 - 0x00007fff35ea9000 	C:\WINDOWS\WinSxS\amd64_microsoft.windows.common-controls_6595b64144ccf1df_6.0.17134.48_none_b4b2216a3cb4dd3e\COMCTL32.dll
0x00007fff41dc0000 - 0x00007fff420e3000 	C:\WINDOWS\System32\combase.dll
0x00007fff3f610000 - 0x00007fff3f68a000 	C:\WINDOWS\System32\bcryptPrimitives.dll
0x00007fff3fa20000 - 0x00007fff3fa4d000 	C:\WINDOWS\System32\IMM32.DLL
0x0000000060390000 - 0x0000000060462000 	C:\Program Files\Android\Android Studio\jre\jre\bin\msvcr100.dll
0x0000000060550000 - 0x0000000060d8f000 	C:\Program Files\Android\Android Studio\jre\jre\bin\server\jvm.dll
0x00007fff3fa50000 - 0x00007fff3fa58000 	C:\WINDOWS\System32\PSAPI.DLL
0x00007fff3aff0000 - 0x00007fff3aff9000 	C:\WINDOWS\SYSTEM32\WSOCK32.dll
0x00007fff422b0000 - 0x00007fff4231c000 	C:\WINDOWS\System32\WS2_32.dll
0x00007fff363b0000 - 0x00007fff363d3000 	C:\WINDOWS\SYSTEM32\WINMM.dll
0x00007fff35110000 - 0x00007fff3511a000 	C:\WINDOWS\SYSTEM32\VERSION.dll
0x00007fff36380000 - 0x00007fff363aa000 	C:\WINDOWS\SYSTEM32\WINMMBASE.dll
0x00007fff3f930000 - 0x00007fff3f979000 	C:\WINDOWS\System32\cfgmgr32.dll
0x00007fff3afe0000 - 0x00007fff3afef000 	C:\Program Files\Android\Android Studio\jre\jre\bin\verify.dll
0x00007fff36130000 - 0x00007fff36159000 	C:\Program Files\Android\Android Studio\jre\jre\bin\java.dll
0x00007fff36110000 - 0x00007fff36126000 	C:\Program Files\Android\Android Studio\jre\jre\bin\zip.dll
0x00007fff405d0000 - 0x00007fff41a10000 	C:\WINDOWS\System32\SHELL32.dll
0x00007fff40520000 - 0x00007fff405c9000 	C:\WINDOWS\System32\shcore.dll
0x00007fff3eac0000 - 0x00007fff3f1cd000 	C:\WINDOWS\System32\windows.storage.dll
0x00007fff420f0000 - 0x00007fff42141000 	C:\WINDOWS\System32\shlwapi.dll
0x00007fff3e8a0000 - 0x00007fff3e8b1000 	C:\WINDOWS\System32\kernel.appcore.dll
0x00007fff3e830000 - 0x00007fff3e84f000 	C:\WINDOWS\System32\profapi.dll
0x00007fff3e850000 - 0x00007fff3e89c000 	C:\WINDOWS\System32\powrprof.dll
0x00007fff3e820000 - 0x00007fff3e82a000 	C:\WINDOWS\System32\FLTLIB.DLL
0x00007fff360f0000 - 0x00007fff3610a000 	C:\Program Files\Android\Android Studio\jre\jre\bin\net.dll
0x00007fff3e080000 - 0x00007fff3e0e6000 	C:\WINDOWS\system32\mswsock.dll
0x00007fff35990000 - 0x00007fff359a1000 	C:\Program Files\Android\Android Studio\jre\jre\bin\nio.dll
0x00007fff2ec70000 - 0x00007fff2ec8e000 	C:\Users\User\.gradle\native\25\windows-amd64\native-platform.dll
0x00007fff3b010000 - 0x00007fff3b01d000 	C:\Program Files\Android\Android Studio\jre\jre\bin\management.dll
0x00007fff3e230000 - 0x00007fff3e247000 	C:\WINDOWS\SYSTEM32\CRYPTSP.dll
0x00007fff3dc60000 - 0x00007fff3dc93000 	C:\WINDOWS\system32\rsaenh.dll
0x00007fff3e360000 - 0x00007fff3e385000 	C:\WINDOWS\SYSTEM32\bcrypt.dll
0x00007fff3e730000 - 0x00007fff3e758000 	C:\WINDOWS\SYSTEM32\USERENV.dll
0x00007fff3e250000 - 0x00007fff3e25b000 	C:\WINDOWS\SYSTEM32\CRYPTBASE.dll
0x00007fff3de00000 - 0x00007fff3de38000 	C:\WINDOWS\SYSTEM32\IPHLPAPI.DLL
0x00007fff42150000 - 0x00007fff42158000 	C:\WINDOWS\System32\NSI.dll
0x00007fff383b0000 - 0x00007fff383c6000 	C:\WINDOWS\SYSTEM32\dhcpcsvc6.DLL
0x00007fff38690000 - 0x00007fff386aa000 	C:\WINDOWS\SYSTEM32\dhcpcsvc.DLL

VM Arguments:
jvm_args: -Xmx1536m -Dfile.encoding=windows-1250 -Duser.country=US -Duser.language=en -Duser.variant 
java_command: org.gradle.launcher.daemon.bootstrap.GradleDaemon 4.4
java_class_path (initial): C:\Users\User\.gradle\wrapper\dists\gradle-4.4-all\9br9xq1tocpiv8o6njlyu5op1\gradle-4.4\lib\gradle-launcher-4.4.jar
Launcher Type: SUN_STANDARD

Environment Variables:
PATH=C:\ProgramData\Oracle\Java\javapath;C:\WINDOWS\system32;C:\WINDOWS;C:\WINDOWS\System32\Wbem;C:\WINDOWS\System32\WindowsPowerShell\v1.0\;C:\Program Files (x86)\Skype\Phone\;C:\Program Files\Git\cmd;C:\WINDOWS\System32\OpenSSH\;C:\Users\User\AppData\Local\Microsoft\WindowsApps;C:\Users\User\AppData\Local\GitHubDesktop\bin;%USERPROFILE%\AppData\Local\Microsoft\WindowsApps;
USERNAME=User
OS=Windows_NT
PROCESSOR_IDENTIFIER=Intel64 Family 6 Model 58 Stepping 9, GenuineIntel



---------------  S Y S T E M  ---------------

OS: Windows 10.0 , 64 bit Build 17134 (10.0.17134.1)

CPU:total 4 (initial active 4) (2 cores per cpu, 2 threads per core) family 6 model 58 stepping 9, cmov, cx8, fxsr, mmx, sse, sse2, sse3, ssse3, sse4.1, sse4.2, popcnt, avx, aes, clmul, erms, ht, tsc, tscinvbit, tscinv

Memory: 4k page, physical 8289268k(428780k free), swap 23953628k(3272k free)

vm_info: OpenJDK 64-Bit Server VM (25.152-b02) for windows-amd64 JRE (1.8.0_152-release-1024-b02), built by "builder" with MS VC++ 10.0 (VS2010)

time: Fri Jun 01 20:01:30 2018
elapsed time: 3 seconds (0d 0h 0m 3s)

