#
# There is insufficient memory for the Java Runtime Environment to continue.
# Native memory allocation (malloc) failed to allocate 32744 bytes for ChunkPool::allocate
# Possible reasons:
#   The system is out of physical RAM or swap space
#   In 32 bit mode, the process size limit was hit
# Possible solutions:
#   Reduce memory load on the system
#   Increase physical memory or swap space
#   Check if swap backing store is full
#   Use 64 bit Java on a 64 bit OS
#   Decrease Java heap size (-Xmx/-Xms)
#   Decrease number of Java threads
#   Decrease Java thread stack sizes (-Xss)
#   Set larger code cache with -XX:ReservedCodeCacheSize=
# This output file may be truncated or incomplete.
#
#  Out of Memory Error (allocation.cpp:273), pid=6248, tid=0x0000000000003e7c
#
# JRE version: OpenJDK Runtime Environment (8.0_152-b02) (build 1.8.0_152-release-1024-b02)
# Java VM: OpenJDK 64-Bit Server VM (25.152-b02 mixed mode windows-amd64 compressed oops)
# Failed to write core dump. Minidumps are not enabled by default on client versions of Windows
#

---------------  T H R E A D  ---------------

Current thread (0x0000000016852800):  JavaThread "C2 CompilerThread1" daemon [_thread_in_native, id=15996, stack(0x0000000017f90000,0x0000000018090000)]

Stack: [0x0000000017f90000,0x0000000018090000]
[error occurred during error reporting (printing stack bounds), id 0xc0000005]

Native frames: (J=compiled Java code, j=interpreted, Vv=VM code, C=native code)


Current CompileTask:
C2:   4030 1357       4       java.net.URLClassLoader$1::run (5 bytes)


---------------  P R O C E S S  ---------------

Java Threads: ( => current thread )
  0x0000000019785000 JavaThread "Stdin handler" [_thread_blocked, id=13016, stack(0x000000001aee0000,0x000000001afe0000)]
  0x0000000019783800 JavaThread "Asynchronous log dispatcher for DefaultDaemonConnection: socket connection from /127.0.0.1:65357 to /127.0.0.1:65358" [_thread_blocked, id=8320, stack(0x000000001ade0000,0x000000001aee0000)]
  0x000000001977f800 JavaThread "Daemon worker" [_thread_in_native, id=9728, stack(0x000000001ace0000,0x000000001ade0000)]
  0x000000001977f000 JavaThread "Cancel handler" [_thread_blocked, id=9800, stack(0x000000001abe0000,0x000000001ace0000)]
  0x0000000019763000 JavaThread "Handler for socket connection from /127.0.0.1:65357 to /127.0.0.1:65358" [_thread_in_native, id=8640, stack(0x000000001a8e0000,0x000000001a9e0000)]
  0x000000001975e800 JavaThread "Daemon" [_thread_blocked, id=15304, stack(0x000000001a7e0000,0x000000001a8e0000)]
  0x0000000019707800 JavaThread "Daemon periodic checks" [_thread_blocked, id=12816, stack(0x000000001a6e0000,0x000000001a7e0000)]
  0x00000000196e0000 JavaThread "Incoming local TCP Connector on port 65357" [_thread_in_native, id=4936, stack(0x000000001a4a0000,0x000000001a5a0000)]
  0x0000000018196000 JavaThread "Service Thread" daemon [_thread_blocked, id=3212, stack(0x0000000018590000,0x0000000018690000)]
  0x00000000168aa800 JavaThread "C1 CompilerThread2" daemon [_thread_blocked, id=6336, stack(0x0000000018090000,0x0000000018190000)]
=>0x0000000016852800 JavaThread "C2 CompilerThread1" daemon [_thread_in_native, id=15996, stack(0x0000000017f90000,0x0000000018090000)]
  0x0000000016849000 JavaThread "C2 CompilerThread0" daemon [_thread_in_native, id=2376, stack(0x0000000017e90000,0x0000000017f90000)]
  0x0000000016857800 JavaThread "Attach Listener" daemon [_thread_blocked, id=5976, stack(0x0000000017d90000,0x0000000017e90000)]
  0x0000000016856000 JavaThread "Signal Dispatcher" daemon [_thread_blocked, id=9796, stack(0x0000000017c90000,0x0000000017d90000)]
  0x0000000002ed6800 JavaThread "Finalizer" daemon [_thread_blocked, id=15028, stack(0x0000000017aa0000,0x0000000017ba0000)]
  0x0000000002ed1000 JavaThread "Reference Handler" daemon [_thread_blocked, id=12436, stack(0x00000000179a0000,0x0000000017aa0000)]
  0x0000000002c9d800 JavaThread "main" [_thread_blocked, id=688, stack(0x0000000002ce0000,0x0000000002de0000)]

Other Threads:
  0x0000000016815800 VMThread [stack: 0x00000000178a0000,0x00000000179a0000] [id=16088]
  0x0000000018197000 WatcherThread [stack: 0x0000000018690000,0x0000000018790000] [id=7060]

VM state:not at safepoint (normal execution)

VM Mutex/Monitor currently owned by a thread: None

Heap:
 PSYoungGen      total 38400K, used 33730K [0x00000000e0000000, 0x00000000e4b00000, 0x0000000100000000)
  eden space 33280K, 85% used [0x00000000e0000000,0x00000000e1bf0c78,0x00000000e2080000)
  from space 5120K, 99% used [0x00000000e2580000,0x00000000e2a7fd18,0x00000000e2a80000)
  to   space 5120K, 0% used [0x00000000e2080000,0x00000000e2080000,0x00000000e2580000)
 ParOldGen       total 87552K, used 372K [0x00000000a0000000, 0x00000000a5580000, 0x00000000e0000000)
  object space 87552K, 0% used [0x00000000a0000000,0x00000000a005d170,0x00000000a5580000)
 Metaspace       used 14003K, capacity 14326K, committed 14464K, reserved 1060864K
  class space    used 1943K, capacity 2059K, committed 2176K, reserved 1048576K

Card table byte_map: [0x00000000122a0000,0x00000000125b0000] byte_map_base: 0x0000000011da0000

Marking Bits: (ParMarkBitMap*) 0x0000000060d14970
 Begin Bits: [0x0000000012bb0000, 0x00000000143b0000)
 End Bits:   [0x00000000143b0000, 0x0000000015bb0000)

Polling page: 0x0000000001420000

CodeCache: size=245760Kb used=4731Kb max_used=4731Kb free=241028Kb
 bounds [0x0000000002ee0000, 0x0000000003390000, 0x0000000011ee0000]
 total_blobs=1722 nmethods=1355 adapters=280
 compilation: enabled

Compilation events (10 events):
Event: 3.983 Thread 0x00000000168aa800 1351       3       org.gradle.internal.service.DefaultServiceRegistry$CachingProvider::getService (52 bytes)
Event: 3.983 Thread 0x00000000168aa800 nmethod 1351 0x000000000337a710 code [0x000000000337a8c0, 0x000000000337af08]
Event: 3.986 Thread 0x00000000168aa800 1353       3       sun.reflect.ReflectionFactory::inflationThreshold (4 bytes)
Event: 3.986 Thread 0x00000000168aa800 nmethod 1353 0x0000000003371010 code [0x0000000003371160, 0x0000000003371290]
Event: 4.000 Thread 0x00000000168aa800 1355       1       org.gradle.internal.service.DefaultServiceRegistry::access$1400 (5 bytes)
Event: 4.000 Thread 0x00000000168aa800 nmethod 1355 0x000000000337a050 code [0x000000000337a1a0, 0x000000000337a290]
Event: 4.000 Thread 0x00000000168aa800 1356       3       org.gradle.internal.service.DefaultServiceRegistry::assertValidServiceType (35 bytes)
Event: 4.001 Thread 0x00000000168aa800 nmethod 1356 0x0000000003381110 code [0x00000000033812c0, 0x00000000033818b8]
Event: 4.003 Thread 0x0000000016852800 1357       4       java.net.URLClassLoader$1::run (5 bytes)
Event: 4.019 Thread 0x0000000016849000 1358   !   4       java.net.URLClassLoader$1::run (63 bytes)

GC Heap History (4 events):
Event: 1.124 GC heap before
{Heap before GC invocations=1 (full 0):
 PSYoungGen      total 38400K, used 33280K [0x00000000e0000000, 0x00000000e2a80000, 0x0000000100000000)
  eden space 33280K, 100% used [0x00000000e0000000,0x00000000e2080000,0x00000000e2080000)
  from space 5120K, 0% used [0x00000000e2580000,0x00000000e2580000,0x00000000e2a80000)
  to   space 5120K, 0% used [0x00000000e2080000,0x00000000e2080000,0x00000000e2580000)
 ParOldGen       total 87552K, used 0K [0x00000000a0000000, 0x00000000a5580000, 0x00000000e0000000)
  object space 87552K, 0% used [0x00000000a0000000,0x00000000a0000000,0x00000000a5580000)
 Metaspace       used 6592K, capacity 6766K, committed 7040K, reserved 1056768K
  class space    used 804K, capacity 875K, committed 896K, reserved 1048576K
Event: 1.135 GC heap after
Heap after GC invocations=1 (full 0):
 PSYoungGen      total 38400K, used 4025K [0x00000000e0000000, 0x00000000e2a80000, 0x0000000100000000)
  eden space 33280K, 0% used [0x00000000e0000000,0x00000000e0000000,0x00000000e2080000)
  from space 5120K, 78% used [0x00000000e2080000,0x00000000e246e558,0x00000000e2580000)
  to   space 5120K, 0% used [0x00000000e2580000,0x00000000e2580000,0x00000000e2a80000)
 ParOldGen       total 87552K, used 8K [0x00000000a0000000, 0x00000000a5580000, 0x00000000e0000000)
  object space 87552K, 0% used [0x00000000a0000000,0x00000000a0002000,0x00000000a5580000)
 Metaspace       used 6592K, capacity 6766K, committed 7040K, reserved 1056768K
  class space    used 804K, capacity 875K, committed 896K, reserved 1048576K
}
Event: 3.348 GC heap before
{Heap before GC invocations=2 (full 0):
 PSYoungGen      total 38400K, used 37305K [0x00000000e0000000, 0x00000000e2a80000, 0x0000000100000000)
  eden space 33280K, 100% used [0x00000000e0000000,0x00000000e2080000,0x00000000e2080000)
  from space 5120K, 78% used [0x00000000e2080000,0x00000000e246e558,0x00000000e2580000)
  to   space 5120K, 0% used [0x00000000e2580000,0x00000000e2580000,0x00000000e2a80000)
 ParOldGen       total 87552K, used 8K [0x00000000a0000000, 0x00000000a5580000, 0x00000000e0000000)
  object space 87552K, 0% used [0x00000000a0000000,0x00000000a0002000,0x00000000a5580000)
 Metaspace       used 11523K, capacity 11798K, committed 11904K, reserved 1058816K
  class space    used 1525K, capacity 1631K, committed 1664K, reserved 1048576K
Event: 3.374 GC heap after
Heap after GC invocations=2 (full 0):
 PSYoungGen      total 38400K, used 5119K [0x00000000e0000000, 0x00000000e4b00000, 0x0000000100000000)
  eden space 33280K, 0% used [0x00000000e0000000,0x00000000e0000000,0x00000000e2080000)
  from space 5120K, 99% used [0x00000000e2580000,0x00000000e2a7fd18,0x00000000e2a80000)
  to   space 5120K, 0% used [0x00000000e2080000,0x00000000e2080000,0x00000000e2580000)
 ParOldGen       total 87552K, used 372K [0x00000000a0000000, 0x00000000a5580000, 0x00000000e0000000)
  object space 87552K, 0% used [0x00000000a0000000,0x00000000a005d170,0x00000000a5580000)
 Metaspace       used 11523K, capacity 11798K, committed 11904K, reserved 1058816K
  class space    used 1525K, capacity 1631K, committed 1664K, reserved 1048576K
}

Deoptimization events (10 events):
Event: 1.896 Thread 0x0000000002c9d800 Uncommon trap: reason=class_check action=maybe_recompile pc=0x0000000003160314 method=java.util.HashMap.putVal(ILjava/lang/Object;Ljava/lang/Object;ZZ)Ljava/lang/Object; @ 91
Event: 1.897 Thread 0x0000000002c9d800 Uncommon trap: reason=unstable_if action=reinterpret pc=0x00000000031473b4 method=java.util.HashMap.getNode(ILjava/lang/Object;)Ljava/util/HashMap$Node; @ 62
Event: 2.106 Thread 0x0000000002c9d800 Uncommon trap: reason=bimorphic action=maybe_recompile pc=0x00000000032065d0 method=java.util.HashMap.putVal(ILjava/lang/Object;Ljava/lang/Object;ZZ)Ljava/lang/Object; @ 203
Event: 2.443 Thread 0x0000000002c9d800 Uncommon trap: reason=unstable_if action=reinterpret pc=0x000000000318c5b8 method=java.io.WinNTFileSystem.normalize(Ljava/lang/String;)Ljava/lang/String; @ 128
Event: 2.443 Thread 0x0000000002c9d800 Uncommon trap: reason=unstable_if action=reinterpret pc=0x00000000031e4a64 method=java.io.WinNTFileSystem.normalize(Ljava/lang/String;II)Ljava/lang/String; @ 90
Event: 3.343 Thread 0x0000000019763000 Uncommon trap: reason=unstable_if action=reinterpret pc=0x000000000327d494 method=java.util.concurrent.ConcurrentHashMap.putVal(Ljava/lang/Object;Ljava/lang/Object;Z)Ljava/lang/Object; @ 206
Event: 3.534 Thread 0x000000001977f800 Uncommon trap: reason=bimorphic action=maybe_recompile pc=0x0000000003205f14 method=java.util.HashMap.putVal(ILjava/lang/Object;Ljava/lang/Object;ZZ)Ljava/lang/Object; @ 253
Event: 3.534 Thread 0x000000001977f800 Uncommon trap: reason=bimorphic action=maybe_recompile pc=0x0000000003205f14 method=java.util.HashMap.putVal(ILjava/lang/Object;Ljava/lang/Object;ZZ)Ljava/lang/Object; @ 253
Event: 3.534 Thread 0x000000001977f800 Uncommon trap: reason=bimorphic action=maybe_recompile pc=0x0000000003205f14 method=java.util.HashMap.putVal(ILjava/lang/Object;Ljava/lang/Object;ZZ)Ljava/lang/Object; @ 253
Event: 3.550 Thread 0x000000001977f800 Uncommon trap: reason=class_check action=maybe_recompile pc=0x0000000003183b98 method=java.util.regex.Matcher.match(II)Z @ 86

Classes redefined (0 events):
No events

Internal exceptions (10 events):
Event: 3.391 Thread 0x0000000019763000 Exception <a 'java/lang/NoSuchMethodError': <clinit>> (0x00000000e0097048) thrown at [D:\src\AOSP-openjdk-cygwin\jdk8u\hotspot\src\share\vm\prims\jni.cpp, line 1613]
Event: 3.392 Thread 0x0000000019763000 Exception <a 'java/lang/NoSuchMethodError': <clinit>> (0x00000000e009fb10) thrown at [D:\src\AOSP-openjdk-cygwin\jdk8u\hotspot\src\share\vm\prims\jni.cpp, line 1613]
Event: 3.393 Thread 0x0000000019763000 Exception <a 'java/lang/NoSuchMethodError': <clinit>> (0x00000000e00b1570) thrown at [D:\src\AOSP-openjdk-cygwin\jdk8u\hotspot\src\share\vm\prims\jni.cpp, line 1613]
Event: 3.414 Thread 0x0000000019763000 Exception <a 'java/lang/NoSuchMethodError': <clinit>> (0x00000000e014c7d0) thrown at [D:\src\AOSP-openjdk-cygwin\jdk8u\hotspot\src\share\vm\prims\jni.cpp, line 1613]
Event: 3.421 Thread 0x0000000019763000 Exception <a 'java/lang/NoSuchMethodError': <clinit>> (0x00000000e016fed0) thrown at [D:\src\AOSP-openjdk-cygwin\jdk8u\hotspot\src\share\vm\prims\jni.cpp, line 1613]
Event: 3.429 Thread 0x0000000019763000 Exception <a 'java/lang/NoSuchMethodError': <clinit>> (0x00000000e019a080) thrown at [D:\src\AOSP-openjdk-cygwin\jdk8u\hotspot\src\share\vm\prims\jni.cpp, line 1613]
Event: 3.431 Thread 0x0000000019763000 Exception <a 'java/lang/NoSuchMethodError': <clinit>> (0x00000000e01a7bf8) thrown at [D:\src\AOSP-openjdk-cygwin\jdk8u\hotspot\src\share\vm\prims\jni.cpp, line 1613]
Event: 3.434 Thread 0x0000000019763000 Exception <a 'java/lang/NoSuchMethodError': <clinit>> (0x00000000e01c9cd0) thrown at [D:\src\AOSP-openjdk-cygwin\jdk8u\hotspot\src\share\vm\prims\jni.cpp, line 1613]
Event: 3.522 Thread 0x000000001977f800 Exception <a 'java/lang/NoSuchMethodError': <clinit>> (0x00000000e033a1f8) thrown at [D:\src\AOSP-openjdk-cygwin\jdk8u\hotspot\src\share\vm\prims\jni.cpp, line 1613]
Event: 3.522 Thread 0x000000001977f800 Exception <a 'java/lang/NoSuchMethodError': <clinit>> (0x00000000e0342480) thrown at [D:\src\AOSP-openjdk-cygwin\jdk8u\hotspot\src\share\vm\prims\jni.cpp, line 1613]

Events (10 events):
Event: 4.000 loading class java/util/concurrent/ArrayBlockingQueue
Event: 4.000 loading class java/util/concurrent/ArrayBlockingQueue done
Event: 4.001 loading class org/gradle/cache/internal/DefaultCacheScopeMapping
Event: 4.001 loading class org/gradle/cache/internal/DefaultCacheScopeMapping done
Event: 4.001 loading class org/gradle/api/internal/artifacts/ivyservice/CacheLayout
Event: 4.001 loading class org/gradle/api/internal/artifacts/ivyservice/CacheLayout done
Event: 4.002 loading class org/gradle/util/VersionNumber
Event: 4.002 loading class org/gradle/util/VersionNumber done
Event: 4.003 loading class org/gradle/util/VersionNumber$Scheme
Event: 4.003 loading class org/gradle/util/VersionNumber$Scheme done


Dynamic libraries:
0x00007ff649890000 - 0x00007ff6498c1000 	C:\Program Files\Android\Android Studio\jre\bin\java.exe
0x00007fff424f0000 - 0x00007fff426d1000 	C:\WINDOWS\SYSTEM32\ntdll.dll
0x00007fff40230000 - 0x00007fff402e2000 	C:\WINDOWS\System32\KERNEL32.DLL
0x00007fff3f370000 - 0x00007fff3f5e3000 	C:\WINDOWS\System32\KERNELBASE.dll
0x00007fff40180000 - 0x00007fff40221000 	C:\WINDOWS\System32\ADVAPI32.dll
0x00007fff3fed0000 - 0x00007fff3ff6e000 	C:\WINDOWS\System32\msvcrt.dll
0x00007fff41b90000 - 0x00007fff41beb000 	C:\WINDOWS\System32\sechost.dll
0x00007fff3ff70000 - 0x00007fff40094000 	C:\WINDOWS\System32\RPCRT4.dll
0x00007fff41c30000 - 0x00007fff41dc0000 	C:\WINDOWS\System32\USER32.dll
0x00007fff3f5f0000 - 0x00007fff3f610000 	C:\WINDOWS\System32\win32u.dll
0x00007fff41bf0000 - 0x00007fff41c18000 	C:\WINDOWS\System32\GDI32.dll
0x00007fff3e8c0000 - 0x00007fff3ea52000 	C:\WINDOWS\System32\gdi32full.dll
0x00007fff3f1d0000 - 0x00007fff3f26f000 	C:\WINDOWS\System32\msvcp_win.dll
0x00007fff3f270000 - 0x00007fff3f36a000 	C:\WINDOWS\System32\ucrtbase.dll
0x00007fff35c40000 - 0x00007fff35ea9000 	C:\WINDOWS\WinSxS\amd64_microsoft.windows.common-controls_6595b64144ccf1df_6.0.17134.48_none_b4b2216a3cb4dd3e\COMCTL32.dll
0x00007fff41dc0000 - 0x00007fff420e3000 	C:\WINDOWS\System32\combase.dll
0x00007fff3f610000 - 0x00007fff3f68a000 	C:\WINDOWS\System32\bcryptPrimitives.dll
0x00007fff3fa20000 - 0x00007fff3fa4d000 	C:\WINDOWS\System32\IMM32.DLL
0x0000000060390000 - 0x0000000060462000 	C:\Program Files\Android\Android Studio\jre\jre\bin\msvcr100.dll
0x0000000060550000 - 0x0000000060d8f000 	C:\Program Files\Android\Android Studio\jre\jre\bin\server\jvm.dll
0x00007fff3fa50000 - 0x00007fff3fa58000 	C:\WINDOWS\System32\PSAPI.DLL
0x00007fff3aff0000 - 0x00007fff3aff9000 	C:\WINDOWS\SYSTEM32\WSOCK32.dll
0x00007fff422b0000 - 0x00007fff4231c000 	C:\WINDOWS\System32\WS2_32.dll
0x00007fff363b0000 - 0x00007fff363d3000 	C:\WINDOWS\SYSTEM32\WINMM.dll
0x00007fff35110000 - 0x00007fff3511a000 	C:\WINDOWS\SYSTEM32\VERSION.dll
0x00007fff36380000 - 0x00007fff363aa000 	C:\WINDOWS\SYSTEM32\WINMMBASE.dll
0x00007fff3f930000 - 0x00007fff3f979000 	C:\WINDOWS\System32\cfgmgr32.dll
0x00007fff3afe0000 - 0x00007fff3afef000 	C:\Program Files\Android\Android Studio\jre\jre\bin\verify.dll
0x00007fff36130000 - 0x00007fff36159000 	C:\Program Files\Android\Android Studio\jre\jre\bin\java.dll
0x00007fff36110000 - 0x00007fff36126000 	C:\Program Files\Android\Android Studio\jre\jre\bin\zip.dll
0x00007fff405d0000 - 0x00007fff41a10000 	C:\WINDOWS\System32\SHELL32.dll
0x00007fff40520000 - 0x00007fff405c9000 	C:\WINDOWS\System32\shcore.dll
0x00007fff3eac0000 - 0x00007fff3f1cd000 	C:\WINDOWS\System32\windows.storage.dll
0x00007fff420f0000 - 0x00007fff42141000 	C:\WINDOWS\System32\shlwapi.dll
0x00007fff3e8a0000 - 0x00007fff3e8b1000 	C:\WINDOWS\System32\kernel.appcore.dll
0x00007fff3e830000 - 0x00007fff3e84f000 	C:\WINDOWS\System32\profapi.dll
0x00007fff3e850000 - 0x00007fff3e89c000 	C:\WINDOWS\System32\powrprof.dll
0x00007fff3e820000 - 0x00007fff3e82a000 	C:\WINDOWS\System32\FLTLIB.DLL
0x00007fff360f0000 - 0x00007fff3610a000 	C:\Program Files\Android\Android Studio\jre\jre\bin\net.dll
0x00007fff3e080000 - 0x00007fff3e0e6000 	C:\WINDOWS\system32\mswsock.dll
0x00007fff35990000 - 0x00007fff359a1000 	C:\Program Files\Android\Android Studio\jre\jre\bin\nio.dll
0x00007fff2ec70000 - 0x00007fff2ec8e000 	C:\Users\User\.gradle\native\25\windows-amd64\native-platform.dll
0x00007fff3b010000 - 0x00007fff3b01d000 	C:\Program Files\Android\Android Studio\jre\jre\bin\management.dll
0x00007fff3e230000 - 0x00007fff3e247000 	C:\WINDOWS\SYSTEM32\CRYPTSP.dll
0x00007fff3dc60000 - 0x00007fff3dc93000 	C:\WINDOWS\system32\rsaenh.dll
0x00007fff3e360000 - 0x00007fff3e385000 	C:\WINDOWS\SYSTEM32\bcrypt.dll
0x00007fff3e730000 - 0x00007fff3e758000 	C:\WINDOWS\SYSTEM32\USERENV.dll
0x00007fff3e250000 - 0x00007fff3e25b000 	C:\WINDOWS\SYSTEM32\CRYPTBASE.dll
0x00007fff3de00000 - 0x00007fff3de38000 	C:\WINDOWS\SYSTEM32\IPHLPAPI.DLL
0x00007fff42150000 - 0x00007fff42158000 	C:\WINDOWS\System32\NSI.dll
0x00007fff383b0000 - 0x00007fff383c6000 	C:\WINDOWS\SYSTEM32\dhcpcsvc6.DLL
0x00007fff38690000 - 0x00007fff386aa000 	C:\WINDOWS\SYSTEM32\dhcpcsvc.DLL

VM Arguments:
jvm_args: -Xmx1536m -Dfile.encoding=windows-1250 -Duser.country=US -Duser.language=en -Duser.variant 
java_command: org.gradle.launcher.daemon.bootstrap.GradleDaemon 4.4
java_class_path (initial): C:\Users\User\.gradle\wrapper\dists\gradle-4.4-all\9br9xq1tocpiv8o6njlyu5op1\gradle-4.4\lib\gradle-launcher-4.4.jar
Launcher Type: SUN_STANDARD

Environment Variables:
PATH=C:\ProgramData\Oracle\Java\javapath;C:\WINDOWS\system32;C:\WINDOWS;C:\WINDOWS\System32\Wbem;C:\WINDOWS\System32\WindowsPowerShell\v1.0\;C:\Program Files (x86)\Skype\Phone\;C:\Program Files\Git\cmd;C:\WINDOWS\System32\OpenSSH\;C:\Users\User\AppData\Local\Microsoft\WindowsApps;C:\Users\User\AppData\Local\GitHubDesktop\bin;%USERPROFILE%\AppData\Local\Microsoft\WindowsApps;
USERNAME=User
OS=Windows_NT
PROCESSOR_IDENTIFIER=Intel64 Family 6 Model 58 Stepping 9, GenuineIntel



---------------  S Y S T E M  ---------------

OS: Windows 10.0 , 64 bit Build 17134 (10.0.17134.1)

CPU:total 4 (initial active 4) (2 cores per cpu, 2 threads per core) family 6 model 58 stepping 9, cmov, cx8, fxsr, mmx, sse, sse2, sse3, ssse3, sse4.1, sse4.2, popcnt, avx, aes, clmul, erms, ht, tsc, tscinvbit, tscinv

Memory: 4k page, physical 8289268k(514508k free), swap 23953628k(4128k free)

vm_info: OpenJDK 64-Bit Server VM (25.152-b02) for windows-amd64 JRE (1.8.0_152-release-1024-b02), built by "builder" with MS VC++ 10.0 (VS2010)

time: Fri Jun 01 20:01:08 2018
elapsed time: 4 seconds (0d 0h 0m 4s)

