#
# There is insufficient memory for the Java Runtime Environment to continue.
# Native memory allocation (malloc) failed to allocate 1123056 bytes for Chunk::new
# Possible reasons:
#   The system is out of physical RAM or swap space
#   In 32 bit mode, the process size limit was hit
# Possible solutions:
#   Reduce memory load on the system
#   Increase physical memory or swap space
#   Check if swap backing store is full
#   Use 64 bit Java on a 64 bit OS
#   Decrease Java heap size (-Xmx/-Xms)
#   Decrease number of Java threads
#   Decrease Java thread stack sizes (-Xss)
#   Set larger code cache with -XX:ReservedCodeCacheSize=
# This output file may be truncated or incomplete.
#
#  Out of Memory Error (allocation.cpp:390), pid=5700, tid=0x0000000000000178
#
# JRE version: OpenJDK Runtime Environment (8.0_152-b02) (build 1.8.0_152-release-1024-b02)
# Java VM: OpenJDK 64-Bit Server VM (25.152-b02 mixed mode windows-amd64 compressed oops)
# Failed to write core dump. Minidumps are not enabled by default on client versions of Windows
#

---------------  T H R E A D  ---------------

Current thread (0x00000000161ac800):  JavaThread "C2 CompilerThread1" daemon [_thread_in_native, id=376, stack(0x00000000178f0000,0x00000000179f0000)]

Stack: [0x00000000178f0000,0x00000000179f0000]
[error occurred during error reporting (printing stack bounds), id 0xc0000005]

Native frames: (J=compiled Java code, j=interpreted, Vv=VM code, C=native code)


Current CompileTask:
C2:8595527 19834   !   4       org.gradle.api.internal.AbstractClassGenerator::generateUnderLock (1123 bytes)


---------------  P R O C E S S  ---------------

Java Threads: ( => current thread )
  0x000000001bc04000 JavaThread "Task worker for ':' Thread 3" [_thread_in_Java, id=7492, stack(0x00000000427a0000,0x00000000428a0000)]
  0x000000001bc00800 JavaThread "Task worker for ':' Thread 2" [_thread_blocked, id=6492, stack(0x00000000426a0000,0x00000000427a0000)]
  0x000000001bc03800 JavaThread "Task worker for ':'" [_thread_blocked, id=6588, stack(0x00000000425a0000,0x00000000426a0000)]
  0x000000001bbff800 JavaThread "Cache worker for Build Output Cleanup Cache (C:\Users\User\AndroidStudioProjects\BakingApp\.gradle\buildOutputCleanup)" [_thread_blocked, id=4452, stack(0x00000000424a0000,0x00000000425a0000)]
  0x000000001bbfe000 JavaThread "Cache worker for task history cache (C:\Users\User\AndroidStudioProjects\BakingApp\.gradle\4.4\taskHistory)" [_thread_blocked, id=10428, stack(0x00000000423a0000,0x00000000424a0000)]
  0x000000001bbff000 JavaThread "Cache worker for file content cache (C:\Users\User\AndroidStudioProjects\BakingApp\.gradle\4.4\fileContent)" [_thread_blocked, id=5816, stack(0x00000000422a0000,0x00000000423a0000)]
  0x000000001bbf6800 JavaThread "build operations Thread 4" [_thread_blocked, id=560, stack(0x00000000421a0000,0x00000000422a0000)]
  0x000000001bbfd800 JavaThread "build operations Thread 3" [_thread_blocked, id=14428, stack(0x00000000420a0000,0x00000000421a0000)]
  0x000000001bbf6000 JavaThread "build operations Thread 2" [_thread_blocked, id=9556, stack(0x0000000041fa0000,0x00000000420a0000)]
  0x000000001bbf5000 JavaThread "build operations" [_thread_blocked, id=1948, stack(0x0000000041ea0000,0x0000000041fa0000)]
  0x000000001bbfc000 JavaThread "Cache worker for Artifact transforms cache (C:\Users\User\.gradle\caches\transforms-1)" [_thread_blocked, id=8260, stack(0x0000000041da0000,0x0000000041ea0000)]
  0x000000001bbfb000 JavaThread "Cache worker for file hash cache (C:\Users\User\AndroidStudioProjects\BakingApp\.gradle\4.4\fileHashes)" [_thread_blocked, id=1080, stack(0x0000000041ca0000,0x0000000041da0000)]
  0x000000001bbf9000 JavaThread "Stdin handler" [_thread_blocked, id=1880, stack(0x0000000041ba0000,0x0000000041ca0000)]
  0x000000001bbf9800 JavaThread "Asynchronous log dispatcher for DefaultDaemonConnection: socket connection from /127.0.0.1:53503 to /127.0.0.1:56924" [_thread_blocked, id=6744, stack(0x0000000041aa0000,0x0000000041ba0000)]
  0x000000001bbf8000 JavaThread "Cancel handler" [_thread_blocked, id=9532, stack(0x00000000419a0000,0x0000000041aa0000)]
  0x000000001bbf7800 JavaThread "Handler for socket connection from /127.0.0.1:53503 to /127.0.0.1:56924" [_thread_in_native, id=2464, stack(0x00000000418a0000,0x00000000419a0000)]
  0x000000001d68d000 JavaThread "Daemon worker Thread 12" [_thread_blocked, id=14468, stack(0x000000003d6a0000,0x000000003d7a0000)]
  0x000000001d689000 JavaThread "Daemon Thread 12" [_thread_blocked, id=2888, stack(0x000000003d3a0000,0x000000003d4a0000)]
  0x000000001ede5000 JavaThread "Java2D Disposer" daemon [_thread_blocked, id=10008, stack(0x0000000035ba0000,0x0000000035ca0000)]
  0x000000001d68a000 JavaThread "Memory manager" [_thread_blocked, id=9164, stack(0x0000000020b90000,0x0000000020c90000)]
  0x00000000190f0800 JavaThread "File lock request listener" [_thread_in_native, id=15480, stack(0x000000001ac40000,0x000000001ad40000)]
  0x0000000019115800 JavaThread "Cache worker for file hash cache (C:\Users\User\.gradle\caches\4.4\fileHashes)" [_thread_blocked, id=14288, stack(0x000000001ab40000,0x000000001ac40000)]
  0x0000000018d41800 JavaThread "Daemon periodic checks" [_thread_blocked, id=3416, stack(0x000000001a040000,0x000000001a140000)]
  0x0000000018d3c800 JavaThread "Incoming local TCP Connector on port 53503" [_thread_in_native, id=3092, stack(0x0000000019e00000,0x0000000019f00000)]
  0x0000000017b1a800 JavaThread "Service Thread" daemon [_thread_blocked, id=12292, stack(0x0000000017ef0000,0x0000000017ff0000)]
  0x00000000161b8000 JavaThread "C1 CompilerThread2" daemon [_thread_blocked, id=7396, stack(0x00000000179f0000,0x0000000017af0000)]
=>0x00000000161ac800 JavaThread "C2 CompilerThread1" daemon [_thread_in_native, id=376, stack(0x00000000178f0000,0x00000000179f0000)]
  0x00000000161a9800 JavaThread "C2 CompilerThread0" daemon [_thread_blocked, id=10744, stack(0x00000000177f0000,0x00000000178f0000)]
  0x00000000161b7800 JavaThread "Attach Listener" daemon [_thread_blocked, id=9768, stack(0x00000000176f0000,0x00000000177f0000)]
  0x00000000161b6000 JavaThread "Signal Dispatcher" daemon [_thread_blocked, id=1412, stack(0x00000000175f0000,0x00000000176f0000)]
  0x000000000283c000 JavaThread "Finalizer" daemon [_thread_blocked, id=15244, stack(0x0000000017400000,0x0000000017500000)]
  0x0000000002831000 JavaThread "Reference Handler" daemon [_thread_blocked, id=14944, stack(0x0000000017300000,0x0000000017400000)]
  0x00000000026ed800 JavaThread "main" [_thread_blocked, id=988, stack(0x00000000025a0000,0x00000000026a0000)]

Other Threads:
  0x0000000016175800 VMThread [stack: 0x0000000017200000,0x0000000017300000] [id=15348]
  0x0000000017b1b000 WatcherThread [stack: 0x0000000017ff0000,0x00000000180f0000] [id=15628]

VM state:not at safepoint (normal execution)

VM Mutex/Monitor currently owned by a thread: None

Heap:
 PSYoungGen      total 352768K, used 267075K [0x00000000e0000000, 0x00000000fb580000, 0x0000000100000000)
  eden space 319488K, 79% used [0x00000000e0000000,0x00000000ef77a620,0x00000000f3800000)
  from space 33280K, 41% used [0x00000000f3800000,0x00000000f45567a8,0x00000000f5880000)
  to   space 31744K, 0% used [0x00000000f9680000,0x00000000f9680000,0x00000000fb580000)
 ParOldGen       total 162816K, used 82521K [0x00000000a0000000, 0x00000000a9f00000, 0x00000000e0000000)
  object space 162816K, 50% used [0x00000000a0000000,0x00000000a5096680,0x00000000a9f00000)
 Metaspace       used 89919K, capacity 95071K, committed 95360K, reserved 1132544K
  class space    used 11548K, capacity 12548K, committed 12672K, reserved 1048576K

Card table byte_map: [0x0000000011c00000,0x0000000011f10000] byte_map_base: 0x0000000011700000

Marking Bits: (ParMarkBitMap*) 0x0000000060d14970
 Begin Bits: [0x0000000012510000, 0x0000000013d10000)
 End Bits:   [0x0000000013d10000, 0x0000000015510000)

Polling page: 0x00000000003e0000

CodeCache: size=245760Kb used=53245Kb max_used=53248Kb free=192514Kb
 bounds [0x0000000002840000, 0x0000000005ca0000, 0x0000000011840000]
 total_blobs=16758 nmethods=15801 adapters=869
 compilation: enabled

Compilation events (10 events):
Event: 8594.690 Thread 0x00000000161b8000 19862       1       com.android.repository.Revision::getSeparator (5 bytes)
Event: 8594.690 Thread 0x00000000161b8000 nmethod 19862 0x0000000004f29e90 code [0x0000000004f29fe0, 0x0000000004f2a0f0]
Event: 8594.691 Thread 0x00000000161a9800 19863       4       org.gradle.internal.progress.DefaultBuildOperationExecutor::failIfInResourceLockTransform (23 bytes)
Event: 8594.692 Thread 0x00000000161a9800 nmethod 19863 0x00000000057d74d0 code [0x00000000057d7620, 0x00000000057d76e8]
Event: 8594.704 Thread 0x00000000161b8000 19864       3       com.android.build.gradle.internal.tasks.TaskInputHelper$$Lambda$168/1811276833::get (10 bytes)
Event: 8594.705 Thread 0x00000000161b8000 nmethod 19864 0x00000000057d7090 code [0x00000000057d7200, 0x00000000057d7428]
Event: 8594.715 Thread 0x00000000161b8000 19865       3       org.gradle.api.internal.changedetection.rules.TaskUpToDateState::<init> (237 bytes)
Event: 8594.719 Thread 0x00000000161b8000 nmethod 19865 0x0000000005c90590 code [0x0000000005c909c0, 0x0000000005c93b48]
Event: 8594.722 Thread 0x00000000161b8000 19866       1       com.google.common.collect.RegularImmutableSet::hashCode (5 bytes)
Event: 8594.722 Thread 0x00000000161b8000 nmethod 19866 0x00000000057d6dd0 code [0x00000000057d6f20, 0x00000000057d7030]

GC Heap History (10 events):
Event: 3246.032 GC heap before
{Heap before GC invocations=26 (full 3):
 PSYoungGen      total 232960K, used 213985K [0x00000000e0000000, 0x00000000f0700000, 0x0000000100000000)
  eden space 196096K, 100% used [0x00000000e0000000,0x00000000ebf80000,0x00000000ebf80000)
  from space 36864K, 48% used [0x00000000ee300000,0x00000000ef478430,0x00000000f0700000)
  to   space 36352K, 0% used [0x00000000ebf80000,0x00000000ebf80000,0x00000000ee300000)
 ParOldGen       total 162816K, used 66827K [0x00000000a0000000, 0x00000000a9f00000, 0x00000000e0000000)
  object space 162816K, 41% used [0x00000000a0000000,0x00000000a4142c00,0x00000000a9f00000)
 Metaspace       used 84396K, capacity 88419K, committed 88704K, reserved 1126400K
  class space    used 11017K, capacity 11842K, committed 11904K, reserved 1048576K
Event: 3246.180 GC heap after
Heap after GC invocations=26 (full 3):
 PSYoungGen      total 232448K, used 16329K [0x00000000e0000000, 0x00000000f4680000, 0x0000000100000000)
  eden space 196096K, 0% used [0x00000000e0000000,0x00000000e0000000,0x00000000ebf80000)
  from space 36352K, 44% used [0x00000000ebf80000,0x00000000ecf724e8,0x00000000ee300000)
  to   space 34816K, 0% used [0x00000000f2480000,0x00000000f2480000,0x00000000f4680000)
 ParOldGen       total 162816K, used 71493K [0x00000000a0000000, 0x00000000a9f00000, 0x00000000e0000000)
  object space 162816K, 43% used [0x00000000a0000000,0x00000000a45d15c0,0x00000000a9f00000)
 Metaspace       used 84396K, capacity 88419K, committed 88704K, reserved 1126400K
  class space    used 11017K, capacity 11842K, committed 11904K, reserved 1048576K
}
Event: 7273.012 GC heap before
{Heap before GC invocations=27 (full 3):
 PSYoungGen      total 232448K, used 212425K [0x00000000e0000000, 0x00000000f4680000, 0x0000000100000000)
  eden space 196096K, 100% used [0x00000000e0000000,0x00000000ebf80000,0x00000000ebf80000)
  from space 36352K, 44% used [0x00000000ebf80000,0x00000000ecf724e8,0x00000000ee300000)
  to   space 34816K, 0% used [0x00000000f2480000,0x00000000f2480000,0x00000000f4680000)
 ParOldGen       total 162816K, used 71493K [0x00000000a0000000, 0x00000000a9f00000, 0x00000000e0000000)
  object space 162816K, 43% used [0x00000000a0000000,0x00000000a45d15c0,0x00000000a9f00000)
 Metaspace       used 85023K, capacity 89395K, committed 89600K, reserved 1126400K
  class space    used 11077K, capacity 11950K, committed 12032K, reserved 1048576K
Event: 7273.196 GC heap after
Heap after GC invocations=27 (full 3):
 PSYoungGen      total 294400K, used 3886K [0x00000000e0000000, 0x00000000f4480000, 0x0000000100000000)
  eden space 261632K, 0% used [0x00000000e0000000,0x00000000e0000000,0x00000000eff80000)
  from space 32768K, 11% used [0x00000000f2480000,0x00000000f284b988,0x00000000f4480000)
  to   space 35328K, 0% used [0x00000000eff80000,0x00000000eff80000,0x00000000f2200000)
 ParOldGen       total 162816K, used 79395K [0x00000000a0000000, 0x00000000a9f00000, 0x00000000e0000000)
  object space 162816K, 48% used [0x00000000a0000000,0x00000000a4d88e58,0x00000000a9f00000)
 Metaspace       used 85023K, capacity 89395K, committed 89600K, reserved 1126400K
  class space    used 11077K, capacity 11950K, committed 12032K, reserved 1048576K
}
Event: 7670.762 GC heap before
{Heap before GC invocations=28 (full 3):
 PSYoungGen      total 294400K, used 265518K [0x00000000e0000000, 0x00000000f4480000, 0x0000000100000000)
  eden space 261632K, 100% used [0x00000000e0000000,0x00000000eff80000,0x00000000eff80000)
  from space 32768K, 11% used [0x00000000f2480000,0x00000000f284b988,0x00000000f4480000)
  to   space 35328K, 0% used [0x00000000eff80000,0x00000000eff80000,0x00000000f2200000)
 ParOldGen       total 162816K, used 79395K [0x00000000a0000000, 0x00000000a9f00000, 0x00000000e0000000)
  object space 162816K, 48% used [0x00000000a0000000,0x00000000a4d88e58,0x00000000a9f00000)
 Metaspace       used 88797K, capacity 93659K, committed 93952K, reserved 1130496K
  class space    used 11463K, capacity 12432K, committed 12544K, reserved 1048576K
Event: 7670.852 GC heap after
Heap after GC invocations=28 (full 3):
 PSYoungGen      total 296960K, used 5392K [0x00000000e0000000, 0x00000000f8180000, 0x0000000100000000)
  eden space 261632K, 0% used [0x00000000e0000000,0x00000000e0000000,0x00000000eff80000)
  from space 35328K, 15% used [0x00000000eff80000,0x00000000f04c40e0,0x00000000f2200000)
  to   space 35328K, 0% used [0x00000000f5f00000,0x00000000f5f00000,0x00000000f8180000)
 ParOldGen       total 162816K, used 81139K [0x00000000a0000000, 0x00000000a9f00000, 0x00000000e0000000)
  object space 162816K, 49% used [0x00000000a0000000,0x00000000a4f3ce98,0x00000000a9f00000)
 Metaspace       used 88797K, capacity 93659K, committed 93952K, reserved 1130496K
  class space    used 11463K, capacity 12432K, committed 12544K, reserved 1048576K
}
Event: 8055.258 GC heap before
{Heap before GC invocations=29 (full 3):
 PSYoungGen      total 296960K, used 267024K [0x00000000e0000000, 0x00000000f8180000, 0x0000000100000000)
  eden space 261632K, 100% used [0x00000000e0000000,0x00000000eff80000,0x00000000eff80000)
  from space 35328K, 15% used [0x00000000eff80000,0x00000000f04c40e0,0x00000000f2200000)
  to   space 35328K, 0% used [0x00000000f5f00000,0x00000000f5f00000,0x00000000f8180000)
 ParOldGen       total 162816K, used 81140K [0x00000000a0000000, 0x00000000a9f00000, 0x00000000e0000000)
  object space 162816K, 49% used [0x00000000a0000000,0x00000000a4f3d3d0,0x00000000a9f00000)
 Metaspace       used 89090K, capacity 93931K, committed 94208K, reserved 1130496K
  class space    used 11466K, capacity 12434K, committed 12544K, reserved 1048576K
Event: 8055.330 GC heap after
Heap after GC invocations=29 (full 3):
 PSYoungGen      total 346112K, used 15597K [0x00000000e0000000, 0x00000000f7900000, 0x0000000100000000)
  eden space 319488K, 0% used [0x00000000e0000000,0x00000000e0000000,0x00000000f3800000)
  from space 26624K, 58% used [0x00000000f5f00000,0x00000000f6e3b430,0x00000000f7900000)
  to   space 33280K, 0% used [0x00000000f3800000,0x00000000f3800000,0x00000000f5880000)
 ParOldGen       total 162816K, used 81156K [0x00000000a0000000, 0x00000000a9f00000, 0x00000000e0000000)
  object space 162816K, 49% used [0x00000000a0000000,0x00000000a4f413d0,0x00000000a9f00000)
 Metaspace       used 89090K, capacity 93931K, committed 94208K, reserved 1130496K
  class space    used 11466K, capacity 12434K, committed 12544K, reserved 1048576K
}
Event: 8482.993 GC heap before
{Heap before GC invocations=30 (full 3):
 PSYoungGen      total 346112K, used 335085K [0x00000000e0000000, 0x00000000f7900000, 0x0000000100000000)
  eden space 319488K, 100% used [0x00000000e0000000,0x00000000f3800000,0x00000000f3800000)
  from space 26624K, 58% used [0x00000000f5f00000,0x00000000f6e3b430,0x00000000f7900000)
  to   space 33280K, 0% used [0x00000000f3800000,0x00000000f3800000,0x00000000f5880000)
 ParOldGen       total 162816K, used 81166K [0x00000000a0000000, 0x00000000a9f00000, 0x00000000e0000000)
  object space 162816K, 49% used [0x00000000a0000000,0x00000000a4f43a68,0x00000000a9f00000)
 Metaspace       used 89252K, capacity 94151K, committed 94464K, reserved 1130496K
  class space    used 11469K, capacity 12438K, committed 12544K, reserved 1048576K
Event: 8483.230 GC heap after
Heap after GC invocations=30 (full 3):
 PSYoungGen      total 352768K, used 13657K [0x00000000e0000000, 0x00000000fb580000, 0x0000000100000000)
  eden space 319488K, 0% used [0x00000000e0000000,0x00000000e0000000,0x00000000f3800000)
  from space 33280K, 41% used [0x00000000f3800000,0x00000000f45567a8,0x00000000f5880000)
  to   space 31744K, 0% used [0x00000000f9680000,0x00000000f9680000,0x00000000fb580000)
 ParOldGen       total 162816K, used 82521K [0x00000000a0000000, 0x00000000a9f00000, 0x00000000e0000000)
  object space 162816K, 50% used [0x00000000a0000000,0x00000000a5096680,0x00000000a9f00000)
 Metaspace       used 89252K, capacity 94151K, committed 94464K, reserved 1130496K
  class space    used 11469K, capacity 12438K, committed 12544K, reserved 1048576K
}

Deoptimization events (10 events):
Event: 8495.140 Thread 0x000000001d68d000 Uncommon trap: reason=unstable_if action=reinterpret pc=0x0000000004c14bcc method=java.lang.ref.SoftReference.get()Ljava/lang/Object; @ 6
Event: 8495.157 Thread 0x000000001d68d000 Uncommon trap: reason=unstable_if action=reinterpret pc=0x000000000316e488 method=java.lang.ref.SoftReference.get()Ljava/lang/Object; @ 6
Event: 8495.164 Thread 0x000000001d68d000 Uncommon trap: reason=unstable_if action=reinterpret pc=0x0000000002de8c80 method=java.lang.ref.SoftReference.get()Ljava/lang/Object; @ 6
Event: 8495.165 Thread 0x000000001d68d000 Uncommon trap: reason=unstable_if action=reinterpret pc=0x0000000002db27fc method=java.lang.ref.SoftReference.get()Ljava/lang/Object; @ 6
Event: 8495.165 Thread 0x000000001d68d000 Uncommon trap: reason=unstable_if action=reinterpret pc=0x000000000343bdb4 method=java.util.concurrent.ConcurrentHashMap.replaceNode(Ljava/lang/Object;Ljava/lang/Object;Ljava/lang/Object;)Ljava/lang/Object; @ 136
Event: 8495.166 Thread 0x000000001d68d000 Uncommon trap: reason=unstable_if action=reinterpret pc=0x0000000003ef4350 method=java.lang.ref.SoftReference.get()Ljava/lang/Object; @ 6
Event: 8495.172 Thread 0x000000001d68d000 Uncommon trap: reason=predicate action=maybe_recompile pc=0x0000000005550d18 method=java.util.ComparableTimSort.reverseRange([Ljava/lang/Object;II)V @ 8
Event: 8545.436 Thread 0x000000001ede0800 Uncommon trap: reason=unstable_if action=reinterpret pc=0x0000000002cad3d0 method=java.util.concurrent.ConcurrentHashMap.transfer([Ljava/util/concurrent/ConcurrentHashMap$Node;[Ljava/util/concurrent/ConcurrentHashMap$Node;)V @ 34
Event: 8545.436 Thread 0x000000001ede9800 Uncommon trap: reason=unstable_if action=reinterpret pc=0x0000000002cad400 method=java.util.concurrent.ConcurrentHashMap.transfer([Ljava/util/concurrent/ConcurrentHashMap$Node;[Ljava/util/concurrent/ConcurrentHashMap$Node;)V @ 277
Event: 8593.619 Thread 0x000000001d68d000 Uncommon trap: reason=null_check action=make_not_entrant pc=0x0000000004f721c0 method=org.gradle.api.internal.AbstractClassGenerator.generateUnderLock(Ljava/lang/Class;)Ljava/lang/Class; @ 396

Classes redefined (0 events):
No events

Internal exceptions (10 events):
Event: 8493.516 Thread 0x000000001bc04000 Exception <a 'java/lang/NoSuchMethodError': java.lang.Object.lambda$asRunnable$0(Lcom/android/apkzlib/utils/IOExceptionRunnable;)V> (0x00000000e4ed5810) thrown at [D:\src\AOSP-openjdk-cygwin\jdk8u\hotspot\src\share\vm\interpreter\linkResolver.cpp, line 58
Event: 8494.737 Thread 0x000000001ede0800 Implicit null exception at 0x000000000373f15c to 0x00000000037405b1
Event: 8495.139 Thread 0x000000001d68d000 Implicit null exception at 0x0000000005b7b97b to 0x0000000005b7e799
Event: 8495.139 Thread 0x000000001d68d000 Implicit null exception at 0x000000000395f17c to 0x000000000395f2b1
Event: 8495.140 Thread 0x000000001d68d000 Implicit null exception at 0x0000000004c1461c to 0x0000000004c14ba5
Event: 8495.157 Thread 0x000000001d68d000 Implicit null exception at 0x000000000316e000 to 0x000000000316e46d
Event: 8495.164 Thread 0x000000001d68d000 Implicit null exception at 0x0000000002de8703 to 0x0000000002de8c61
Event: 8495.166 Thread 0x000000001d68d000 Implicit null exception at 0x0000000003ef3d7c to 0x0000000003ef4329
Event: 8544.325 Thread 0x000000001d68d000 Exception <a 'sun/nio/fs/WindowsException'> (0x00000000ea100f78) thrown at [D:\src\AOSP-openjdk-cygwin\jdk8u\hotspot\src\share\vm\prims\jni.cpp, line 709]
Event: 8593.511 Thread 0x000000001d68d000 Exception <a 'sun/nio/fs/WindowsException'> (0x00000000ede4a9b0) thrown at [D:\src\AOSP-openjdk-cygwin\jdk8u\hotspot\src\share\vm\prims\jni.cpp, line 709]

Events (10 events):
Event: 8594.683 Executing VM operation: RevokeBias
Event: 8594.684 Executing VM operation: RevokeBias done
Event: 8594.689 Executing VM operation: RevokeBias
Event: 8594.689 Executing VM operation: RevokeBias done
Event: 8594.689 Executing VM operation: RevokeBias
Event: 8594.689 Executing VM operation: RevokeBias done
Event: 8594.709 Executing VM operation: RevokeBias
Event: 8594.709 Executing VM operation: RevokeBias done
Event: 8594.709 Executing VM operation: RevokeBias
Event: 8594.709 Executing VM operation: RevokeBias done


Dynamic libraries:
0x00007ff7bf3f0000 - 0x00007ff7bf421000 	C:\Program Files\Android\Android Studio\jre\bin\java.exe
0x00007fff424f0000 - 0x00007fff426d1000 	C:\WINDOWS\SYSTEM32\ntdll.dll
0x00007fff40230000 - 0x00007fff402e2000 	C:\WINDOWS\System32\KERNEL32.DLL
0x00007fff3f370000 - 0x00007fff3f5e3000 	C:\WINDOWS\System32\KERNELBASE.dll
0x00007fff40180000 - 0x00007fff40221000 	C:\WINDOWS\System32\ADVAPI32.dll
0x00007fff3fed0000 - 0x00007fff3ff6e000 	C:\WINDOWS\System32\msvcrt.dll
0x00007fff41b90000 - 0x00007fff41beb000 	C:\WINDOWS\System32\sechost.dll
0x00007fff3ff70000 - 0x00007fff40094000 	C:\WINDOWS\System32\RPCRT4.dll
0x00007fff41c30000 - 0x00007fff41dc0000 	C:\WINDOWS\System32\USER32.dll
0x00007fff3f5f0000 - 0x00007fff3f610000 	C:\WINDOWS\System32\win32u.dll
0x00007fff41bf0000 - 0x00007fff41c18000 	C:\WINDOWS\System32\GDI32.dll
0x00007fff3e8c0000 - 0x00007fff3ea52000 	C:\WINDOWS\System32\gdi32full.dll
0x00007fff3f1d0000 - 0x00007fff3f26f000 	C:\WINDOWS\System32\msvcp_win.dll
0x00007fff3f270000 - 0x00007fff3f36a000 	C:\WINDOWS\System32\ucrtbase.dll
0x00007fff35c40000 - 0x00007fff35ea9000 	C:\WINDOWS\WinSxS\amd64_microsoft.windows.common-controls_6595b64144ccf1df_6.0.17134.48_none_b4b2216a3cb4dd3e\COMCTL32.dll
0x00007fff41dc0000 - 0x00007fff420e3000 	C:\WINDOWS\System32\combase.dll
0x00007fff3f610000 - 0x00007fff3f68a000 	C:\WINDOWS\System32\bcryptPrimitives.dll
0x00007fff3fa20000 - 0x00007fff3fa4d000 	C:\WINDOWS\System32\IMM32.DLL
0x0000000060390000 - 0x0000000060462000 	C:\Program Files\Android\Android Studio\jre\jre\bin\msvcr100.dll
0x0000000060550000 - 0x0000000060d8f000 	C:\Program Files\Android\Android Studio\jre\jre\bin\server\jvm.dll
0x00007fff3fa50000 - 0x00007fff3fa58000 	C:\WINDOWS\System32\PSAPI.DLL
0x00007fff363b0000 - 0x00007fff363d3000 	C:\WINDOWS\SYSTEM32\WINMM.dll
0x00007fff3b5e0000 - 0x00007fff3b5e9000 	C:\WINDOWS\SYSTEM32\WSOCK32.dll
0x00007fff35110000 - 0x00007fff3511a000 	C:\WINDOWS\SYSTEM32\VERSION.dll
0x00007fff422b0000 - 0x00007fff4231c000 	C:\WINDOWS\System32\WS2_32.dll
0x00007fff36380000 - 0x00007fff363aa000 	C:\WINDOWS\SYSTEM32\winmmbase.dll
0x00007fff3f930000 - 0x00007fff3f979000 	C:\WINDOWS\System32\cfgmgr32.dll
0x00007fff3b580000 - 0x00007fff3b58f000 	C:\Program Files\Android\Android Studio\jre\jre\bin\verify.dll
0x00007fff39fd0000 - 0x00007fff39ff9000 	C:\Program Files\Android\Android Studio\jre\jre\bin\java.dll
0x00007fff39c40000 - 0x00007fff39c56000 	C:\Program Files\Android\Android Studio\jre\jre\bin\zip.dll
0x00007fff405d0000 - 0x00007fff41a10000 	C:\WINDOWS\System32\SHELL32.dll
0x00007fff40520000 - 0x00007fff405c9000 	C:\WINDOWS\System32\shcore.dll
0x00007fff3eac0000 - 0x00007fff3f1cd000 	C:\WINDOWS\System32\windows.storage.dll
0x00007fff420f0000 - 0x00007fff42141000 	C:\WINDOWS\System32\shlwapi.dll
0x00007fff3e8a0000 - 0x00007fff3e8b1000 	C:\WINDOWS\System32\kernel.appcore.dll
0x00007fff3e830000 - 0x00007fff3e84f000 	C:\WINDOWS\System32\profapi.dll
0x00007fff3e850000 - 0x00007fff3e89c000 	C:\WINDOWS\System32\powrprof.dll
0x00007fff3e820000 - 0x00007fff3e82a000 	C:\WINDOWS\System32\FLTLIB.DLL
0x00007fff39c20000 - 0x00007fff39c3a000 	C:\Program Files\Android\Android Studio\jre\jre\bin\net.dll
0x00007fff3e080000 - 0x00007fff3e0e6000 	C:\WINDOWS\system32\mswsock.dll
0x00007fff38ba0000 - 0x00007fff38bb1000 	C:\Program Files\Android\Android Studio\jre\jre\bin\nio.dll
0x00007fff38bd0000 - 0x00007fff38bee000 	C:\Users\User\.gradle\native\25\windows-amd64\native-platform.dll
0x00007fff3b030000 - 0x00007fff3b03d000 	C:\Program Files\Android\Android Studio\jre\jre\bin\management.dll
0x00007fff3e230000 - 0x00007fff3e247000 	C:\WINDOWS\SYSTEM32\CRYPTSP.dll
0x00007fff3dc60000 - 0x00007fff3dc93000 	C:\WINDOWS\system32\rsaenh.dll
0x00007fff3e360000 - 0x00007fff3e385000 	C:\WINDOWS\SYSTEM32\bcrypt.dll
0x00007fff3e730000 - 0x00007fff3e758000 	C:\WINDOWS\SYSTEM32\USERENV.dll
0x00007fff3e250000 - 0x00007fff3e25b000 	C:\WINDOWS\SYSTEM32\CRYPTBASE.dll
0x00007fff3de00000 - 0x00007fff3de38000 	C:\WINDOWS\SYSTEM32\IPHLPAPI.DLL
0x00007fff42150000 - 0x00007fff42158000 	C:\WINDOWS\System32\NSI.dll
0x00007fff383b0000 - 0x00007fff383c6000 	C:\WINDOWS\SYSTEM32\dhcpcsvc6.DLL
0x00007fff38690000 - 0x00007fff386aa000 	C:\WINDOWS\SYSTEM32\dhcpcsvc.DLL
0x00007fff2bba0000 - 0x00007fff2bd36000 	C:\Program Files\Android\Android Studio\jre\jre\bin\awt.dll
0x00007fff40450000 - 0x00007fff40512000 	C:\WINDOWS\System32\OLEAUT32.dll
0x00007fff3be00000 - 0x00007fff3c3c7000 	C:\WINDOWS\SYSTEM32\d2d1.dll
0x00007fff3cab0000 - 0x00007fff3cb3b000 	C:\WINDOWS\SYSTEM32\apphelp.dll
0x00007fff3cec0000 - 0x00007fff3cee9000 	C:\WINDOWS\system32\DWMAPI.DLL
0x00007fff3cc30000 - 0x00007fff3ccc8000 	C:\WINDOWS\system32\uxtheme.dll

VM Arguments:
jvm_args: -Xmx1536m -Dfile.encoding=windows-1250 -Duser.country=US -Duser.language=en -Duser.variant 
java_command: org.gradle.launcher.daemon.bootstrap.GradleDaemon 4.4
java_class_path (initial): C:\Users\User\.gradle\wrapper\dists\gradle-4.4-all\9br9xq1tocpiv8o6njlyu5op1\gradle-4.4\lib\gradle-launcher-4.4.jar
Launcher Type: SUN_STANDARD

Environment Variables:
PATH=C:\ProgramData\Oracle\Java\javapath;C:\WINDOWS\system32;C:\WINDOWS;C:\WINDOWS\System32\Wbem;C:\WINDOWS\System32\WindowsPowerShell\v1.0\;C:\Program Files (x86)\Skype\Phone\;C:\Program Files\Git\cmd;C:\WINDOWS\System32\OpenSSH\;C:\Users\User\AppData\Local\Microsoft\WindowsApps;C:\Users\User\AppData\Local\GitHubDesktop\bin;%USERPROFILE%\AppData\Local\Microsoft\WindowsApps;
USERNAME=User
OS=Windows_NT
PROCESSOR_IDENTIFIER=Intel64 Family 6 Model 58 Stepping 9, GenuineIntel



---------------  S Y S T E M  ---------------

OS: Windows 10.0 , 64 bit Build 17134 (10.0.17134.1)

CPU:total 4 (initial active 4) (2 cores per cpu, 2 threads per core) family 6 model 58 stepping 9, cmov, cx8, fxsr, mmx, sse, sse2, sse3, ssse3, sse4.1, sse4.2, popcnt, avx, aes, clmul, erms, ht, tsc, tscinvbit, tscinv

Memory: 4k page, physical 8289268k(1697944k free), swap 23953628k(4464k free)

vm_info: OpenJDK 64-Bit Server VM (25.152-b02) for windows-amd64 JRE (1.8.0_152-release-1024-b02), built by "builder" with MS VC++ 10.0 (VS2010)

time: Fri Jun 01 23:08:01 2018
elapsed time: 8594 seconds (0d 2h 23m 14s)

